#
# A fatal error has been detected by the Java Runtime Environment:
#
#  SIGBUS (0xa) at pc=0x00000001017c80b4, pid=42064, tid=42759
#
# JRE version: OpenJDK Runtime Environment Zulu13.44+13-CA (13.0.9+3) (build 13.0.9+3-MTS)
# Java VM: OpenJDK 64-Bit Server VM Zulu13.44+13-CA (13.0.9+3-MTS, mixed mode, tiered, compressed oops, g1 gc, bsd-aarch64)
# Problematic frame:
# V  [libjvm.dylib+0x6e00b4]  MarkActivationClosure::do_code_blob(CodeBlob*)+0x3c
#
# No core dump will be written. Core dumps have been disabled. To enable core dumping, try "ulimit -c unlimited" before starting Java again
#
# If you would like to submit a bug report, please visit:
#   http://www.azul.com/support/
#

---------------  S U M M A R Y ------------

Command Line: -agentlib:jdwp=transport=dt_socket,address=127.0.0.1:56776,suspend=y,server=n -XX:TieredStopAtLevel=1 -Dspring.output.ansi.enabled=always -Dcom.sun.management.jmxremote -Dspring.jmx.enabled=true -Dspring.liveBeansView.mbeanDomain -Dspring.application.admin.enabled=true -Dmanagement.endpoints.jmx.exposure.include=* -javaagent:/Users/youlemei/Library/Caches/JetBrains/IntelliJIdea2022.3/captureAgent/debugger-agent.jar -Dfile.encoding=UTF-8 com.meal.wx.api.Application

Host: iMac21,1 arm64 1 MHz, 8 cores, 16G, Darwin 22.3.0
Time: Mon Mar 20 18:48:08 2023 JST elapsed time: 1.319364 seconds (0d 0h 0m 1s)

---------------  T H R E A D  ---------------

Current thread (0x0000000153bcf800):  JavaThread "RMI TCP Connection(1)-192.168.100.86" daemon [_thread_in_vm, id=42759, stack(0x0000000173164000,0x0000000173367000)]

Stack: [0x0000000173164000,0x0000000173367000],  sp=0x0000000173363f40,  free space=2047k
Native frames: (J=compiled Java code, A=aot compiled Java code, j=interpreted, Vv=VM code, C=native code)
V  [libjvm.dylib+0x6e00b4]  MarkActivationClosure::do_code_blob(CodeBlob*)+0x3c
V  [libjvm.dylib+0x70e8dc]  JavaThread::nmethods_do(CodeBlobClosure*)+0x80
V  [libjvm.dylib+0x2e01a0]  HandshakeThreadsOperation::do_handshake(JavaThread*)+0xcc
V  [libjvm.dylib+0x2e0544]  HandshakeState::process_self_inner(JavaThread*)+0x110
V  [libjvm.dylib+0x624adc]  SafepointMechanism::block_or_handshake(JavaThread*)+0x60
V  [libjvm.dylib+0x624b04]  SafepointMechanism::block_if_requested_slow(JavaThread*)+0x18
V  [libjvm.dylib+0x70e0b4]  JavaThread::check_safepoint_and_suspend_for_native_trans(JavaThread*)+0x74
V  [libjvm.dylib+0x4897a4]  JvmtiEnv::GetThreadLocalStorage(_jobject*, void**)+0xb8
C  [libjdwp.dylib+0x1eb58]  findThread+0x84
C  [libjdwp.dylib+0x20898]  threadControl_clearCLEInfo+0x34
C  [libjdwp.dylib+0x16f24]  reportEvents+0x13c
C  [libjdwp.dylib+0x16b74]  event_callback+0x2fc
C  [libjdwp.dylib+0x14af8]  cbClassPrepare+0xc0
V  [libjvm.dylib+0x498ab4]  JvmtiExport::post_class_prepare(JavaThread*, Klass*)+0x1c0
V  [libjvm.dylib+0x305ed0]  InstanceKlass::link_class_impl(Thread*)+0x324
V  [libjvm.dylib+0x6eab1c]  SystemDictionary::parse_stream(Symbol*, Handle, Handle, ClassFileStream*, InstanceKlass const*, GrowableArray<Handle>*, Thread*)+0x1d8
V  [libjvm.dylib+0x731f50]  Unsafe_DefineAnonymousClass0(JNIEnv_*, _jobject*, _jclass*, _jbyteArray*, _jobjectArray*)+0x524
J 2722  jdk.internal.misc.Unsafe.defineAnonymousClass0(Ljava/lang/Class;[B[Ljava/lang/Object;)Ljava/lang/Class; java.base@13.0.9 (0 bytes) @ 0x000000010a0436ec [0x000000010a043640+0x00000000000000ac]
C  0x00000006000000b0

Java frames: (J=compiled Java code, j=interpreted, Vv=VM code)
J 2722  jdk.internal.misc.Unsafe.defineAnonymousClass0(Ljava/lang/Class;[B[Ljava/lang/Object;)Ljava/lang/Class; java.base@13.0.9 (0 bytes) @ 0x000000010a0436f0 [0x000000010a043640+0x00000000000000b0]
J 2721 c1 jdk.internal.misc.Unsafe.defineAnonymousClass(Ljava/lang/Class;[B[Ljava/lang/Object;)Ljava/lang/Class; java.base@13.0.9 (46 bytes) @ 0x000000010a075438 [0x000000010a075380+0x00000000000000b8]
J 2729 c1 java.lang.invoke.InnerClassLambdaMetafactory.spinInnerClass()Ljava/lang/Class; java.base@13.0.9 (527 bytes) @ 0x000000010a057824 [0x000000010a056dc0+0x0000000000000a64]
J 2728 c1 java.lang.invoke.InnerClassLambdaMetafactory.buildCallSite()Ljava/lang/invoke/CallSite; java.base@13.0.9 (168 bytes) @ 0x000000010a01aaa4 [0x000000010a01aa40+0x0000000000000064]
J 2738 c1 java.lang.invoke.LambdaMetafactory.metafactory(Ljava/lang/invoke/MethodHandles$Lookup;Ljava/lang/String;Ljava/lang/invoke/MethodType;Ljava/lang/invoke/MethodType;Ljava/lang/invoke/MethodHandle;Ljava/lang/invoke/MethodType;)Ljava/lang/invoke/CallSite; java.base@13.0.9 (35 bytes) @ 0x000000010a074224 [0x000000010a074140+0x00000000000000e4]
j  java.lang.invoke.LambdaForm$DMH.invokeStatic(Ljava/lang/Object;Ljava/lang/Object;Ljava/lang/Object;Ljava/lang/Object;Ljava/lang/Object;Ljava/lang/Object;Ljava/lang/Object;)Ljava/lang/Object;+26 java.base@13.0.9
J 1621 c1 java.lang.invoke.BootstrapMethodInvoker.invoke(Ljava/lang/Class;Ljava/lang/invoke/MethodHandle;Ljava/lang/String;Ljava/lang/Object;Ljava/lang/Object;Ljava/lang/Class;)Ljava/lang/Object; java.base@13.0.9 (688 bytes) @ 0x000000010a179150 [0x000000010a178080+0x00000000000010d0]
J 1620 c1 java.lang.invoke.CallSite.makeSite(Ljava/lang/invoke/MethodHandle;Ljava/lang/String;Ljava/lang/invoke/MethodType;Ljava/lang/Object;Ljava/lang/Class;)Ljava/lang/invoke/CallSite; java.base@13.0.9 (91 bytes) @ 0x000000010a176858 [0x000000010a176800+0x0000000000000058]
J 1619 c1 java.lang.invoke.MethodHandleNatives.linkCallSiteImpl(Ljava/lang/Class;Ljava/lang/invoke/MethodHandle;Ljava/lang/String;Ljava/lang/invoke/MethodType;Ljava/lang/Object;[Ljava/lang/Object;)Ljava/lang/invoke/MemberName; java.base@13.0.9 (44 bytes) @ 0x000000010a175e40 [0x000000010a175e00+0x0000000000000040]
J 1618 c1 java.lang.invoke.MethodHandleNatives.linkCallSite(Ljava/lang/Object;ILjava/lang/Object;Ljava/lang/Object;Ljava/lang/Object;Ljava/lang/Object;[Ljava/lang/Object;)Ljava/lang/invoke/MemberName; java.base@13.0.9 (66 bytes) @ 0x000000010a175524 [0x000000010a175440+0x00000000000000e4]
v  ~StubRoutines::call_stub
j  sun.rmi.transport.tcp.TCPChannel.<clinit>()V+17 java.rmi@13.0.9
v  ~StubRoutines::call_stub
j  sun.rmi.transport.tcp.TCPTransport$ConnectionHandler.run0()V+449 java.rmi@13.0.9
j  sun.rmi.transport.tcp.TCPTransport$ConnectionHandler.lambda$run$0()Ljava/lang/Void;+1 java.rmi@13.0.9
j  sun.rmi.transport.tcp.TCPTransport$ConnectionHandler$$Lambda$485.run()Ljava/lang/Object;+4 java.rmi@13.0.9
J 819 c1 java.security.AccessController.executePrivileged(Ljava/security/PrivilegedAction;Ljava/security/AccessControlContext;Ljava/lang/Class;)Ljava/lang/Object; java.base@13.0.9 (65 bytes) @ 0x000000010a008c0c [0x000000010a008bc0+0x000000000000004c]
j  java.security.AccessController.doPrivileged(Ljava/security/PrivilegedAction;Ljava/security/AccessControlContext;)Ljava/lang/Object;+13 java.base@13.0.9
j  sun.rmi.transport.tcp.TCPTransport$ConnectionHandler.run()V+37 java.rmi@13.0.9
j  java.util.concurrent.ThreadPoolExecutor.runWorker(Ljava/util/concurrent/ThreadPoolExecutor$Worker;)V+92 java.base@13.0.9
j  java.util.concurrent.ThreadPoolExecutor$Worker.run()V+5 java.base@13.0.9
j  java.lang.Thread.run()V+11 java.base@13.0.9
v  ~StubRoutines::call_stub

siginfo: si_signo: 10 (SIGBUS), si_code: 1 (BUS_ADRALN), si_addr: 0x000000010a0435d8

Register to memory mapping:

 x0=0x0000000101a64878: _ZL23mark_activation_closure+0 in /Users/youlemei/Library/Java/JavaVirtualMachines/azul-13.0.9/Contents/Home/lib/server/libjvm.dylib at 0x00000001010e8000
 x1=0x000000010a043490 is at entry_point+-432 in (nmethod*)0x000000010a043490
 x2=0x00000001017c8078: _ZN21MarkActivationClosure12do_code_blobEP8CodeBlob+0 in /Users/youlemei/Library/Java/JavaVirtualMachines/azul-13.0.9/Contents/Home/lib/server/libjvm.dylib at 0x00000001010e8000
 x3=0x000000014293c5bc points into unknown readable memory: 00 73 70 6f
 x4=0x0000000199d18cff: __vfprintf.xdigs_lower+0 in /usr/lib/system/libsystem_c.dylib at 0x0000000199c9d000
 x5=0x0000000173364650 is pointing into the stack for thread: 0x0000000153bcf800
 x6=0x0000000000000065 is an unknown value
 x7=0x0000600003e6f260 points into unknown readable memory: c0 0b 99 54 01 00 00 00
 x8=0x0000000101a11000: _ZN12StubRoutines6_code2E+0 in /Users/youlemei/Library/Java/JavaVirtualMachines/azul-13.0.9/Contents/Home/lib/server/libjvm.dylib at 0x00000001010e8000
 x9=0x00000000000001e0 is an unknown value
x10=0x0 is NULL
x11=0x00000001005a8000 points into unknown readable memory: 00 01 02 03 04 05 06 00
x12=0x0000000000002d69 is an unknown value
x13=0x0 is NULL
x14=0x00000000b720b0ea is an unknown value
x15=0x00000000b700affb is an unknown value
x16=0x0000000199c276a4: free+0 in /usr/lib/system/libsystem_malloc.dylib at 0x0000000199c26000
x17=0x00000001fa1cbfb8 points into unknown readable memory: a4 76 c2 99 01 00 00 00
x18=0x0 is NULL
x19=0x000000010a043490 is at entry_point+-432 in (nmethod*)0x000000010a043490
x20=0x0000000153bcf800 is a thread
x21=0x0000000173363f90 is pointing into the stack for thread: 0x0000000153bcf800
x22=0x0000000101a11008: _ZN12StubRoutines25_call_stub_return_addressE+0 in /Users/youlemei/Library/Java/JavaVirtualMachines/azul-13.0.9/Contents/Home/lib/server/libjvm.dylib at 0x00000001010e8000
x23=0x0000000152637b90 points into unknown readable memory: d8 29 f9 cf 06 00 00 00
x24=0x0000000199de6120: tlv_get_addr+0 in /usr/lib/system/libdyld.dylib at 0x0000000199de4000
x25=0x0 is NULL
x26=0x0000000000000007 is an unknown value
x27=0x00000001005511d2: <offset 0x2d1d2> in /Users/youlemei/Library/Java/JavaVirtualMachines/azul-13.0.9/Contents/Home/lib/libjdwp.dylib at 0x0000000100524000
x28=0x0 is NULL


Registers:
 x0=0x0000000101a64878  x1=0x000000010a043490  x2=0x00000001017c8078  x3=0x000000014293c5bc
 x4=0x0000000199d18cff  x5=0x0000000173364650  x6=0x0000000000000065  x7=0x0000600003e6f260
 x8=0x0000000101a11000  x9=0x00000000000001e0 x10=0x0000000000000000 x11=0x00000001005a8000
x12=0x0000000000002d69 x13=0x0000000000000000 x14=0x00000000b720b0ea x15=0x00000000b700affb
x16=0x0000000199c276a4 x17=0x00000001fa1cbfb8 x18=0x0000000000000000 x19=0x000000010a043490
x20=0x0000000153bcf800 x21=0x0000000173363f90 x22=0x0000000101a11008 x23=0x0000000152637b90
x24=0x0000000199de6120 x25=0x0000000000000000 x26=0x0000000000000007 x27=0x00000001005511d2
x28=0x0000000000000000  fp=0x0000000173363f50  lr=0x00000001017f68dc  sp=0x0000000173363f40
pc=0x00000001017c80b4 cpsr=0x0000000080001000
Top of Stack: (sp=0x0000000173363f40)
0x0000000173363f40:   0000000153bcf800 0000000101a64878
0x0000000173363f50:   0000000173364640 00000001017f68dc
0x0000000173363f60:   0000000173364f10 000000010a0436f0
0x0000000173363f70:   000000010a043490 0000000100000000
0x0000000173363f80:   0000000000000000 0000000173364f10
0x0000000173363f90:   000000023f57676e 0000000173363fc0
0x0000000173363fa0:   0000000000000080 0000000000000000
0x0000000173363fb0:   0000000000000000 0000000000000000
0x0000000173363fc0:   0000000500000000 000000023b9e4c30
0x0000000173363fd0:   0000000173365568 00000001733655f8
0x0000000173363fe0:   000000010038dc50 00000001733655b0
0x0000000173363ff0:   0000000000000010 000000010188e490
0x0000000173364000:   0000000000000000 0000000000000000
0x0000000173364010:   00000000fffffffb 000000000000003c
0x0000000173364020:   0000000000000005 0000000000000000
0x0000000173364030:   00000001018713f3 000000000000000a
0x0000000173364040:   0000000173364430 b07d800199ca0904
0x0000000173364050:   0000000240591bb5 0000000000000005
0x0000000173364060:   0000000173365501 0000000240591bb0
0x0000000173364070:   0000000240591ca8 00000001733655f8
0x0000000173364080:   0000000173364320 000000017336433b
0x0000000173364090:   0000000173364287 00000000908f8b08
0x00000001733640a0:   000000017336433a 0000600003fcc1ec
0x00000001733640b0:   0000000000000000 000000010188e461
0x00000001733640c0:   0000000000000000 0000000153bcf800
0x00000001733640d0:   0000000000000001 0000000000000000
0x00000001733640e0:   0000000173364338 0000000199d18cff
0x00000001733640f0:   000000000038dc50 0000000173364214
0x0000000173364100:   0000000173364448 0000000000000000
0x0000000173364110:   0000000000000000 0000000000000005
0x0000000173364120:   000000000000003c 0000000000000003
0x0000000173364130:   00000001f536e838 ad63800100000000 

Instructions: (pc=0x00000001017c80b4)
0x00000001017c7fb4:   fd41dd00 5e61d800 90000908 fd46dd01
0x00000001017c7fc4:   1e611800 fd0003e0 90000821 91079c21
0x00000001017c7fd4:   aa1303e0 97fb5b38 d0001248 f941bd08
0x00000001017c7fe4:   f90003e8 90000821 91085021 aa1303e0
0x00000001017c7ff4:   97fb5b31 d0001248 f941d108 b0001249
0x00000001017c8004:   f941d529 a90027e8 f0000801 9108ec21
0x00000001017c8014:   aa1303e0 97fb5b28 b0001248 f941d908
0x00000001017c8024:   d34afd08 f90003e8 f0000801 9109ec21
0x00000001017c8034:   aa1303e0 97fb5b20 aa1403e0 a9427bfd
0x00000001017c8044:   a9414ff4 9100c3ff 17fb6211 a9bf7bfd
0x00000001017c8054:   910003fd d2800000 a8c17bfd d65f03c0
0x00000001017c8064:   a9bf7bfd 910003fd d2800000 a8c17bfd
0x00000001017c8074:   d65f03c0 a9be4ff4 a9017bfd 910043fd
0x00000001017c8084:   aa0103f3 b0001248 b9439d09 35000129
0x00000001017c8094:   f0000f29 d503201f f9447529 d354fd2a
0x00000001017c80a4:   531f794a f144013f 1a9f2549 b9039d09
0x00000001017c80b4:   b9014a69 f9400268 f9404108 aa1303e0
0x00000001017c80c4:   d63f0100 340000a0 aa1303e0 a9417bfd
0x00000001017c80d4:   a8c24ff4 17faa704 a9417bfd a8c24ff4
0x00000001017c80e4:   d65f03c0 a9bf7bfd 910003fd b0001248
0x00000001017c80f4:   b9439d09 35000129 f0000f29 d503201f
0x00000001017c8104:   f9447529 d354fd2a 531f794a f144013f
0x00000001017c8114:   1a9f2549 b9039d09 b9014829 a8c17bfd
0x00000001017c8124:   d65f03c0 a9be4ff4 a9017bfd 910043fd
0x00000001017c8134:   aa0103f3 aa0003f4 f9400028 f9402108
0x00000001017c8144:   aa0103e0 d63f0100 340000c0 f9400268
0x00000001017c8154:   f9402908 aa1303e0 d63f0100 36000080
0x00000001017c8164:   a9417bfd a8c24ff4 d65f03c0 f9400681
0x00000001017c8174:   f9400268 f9406902 aa1303e0 a9417bfd
0x00000001017c8184:   a8c24ff4 d61f0040 a9bf7bfd 910003fd
0x00000001017c8194:   f9400c01 52800020 a8c17bfd 1400bdbb
0x00000001017c81a4:   a9be4ff4 a9017bfd 910043fd 39404008 


Stack slot to memory mapping:
stack at sp + 0 slots: 0x0000000153bcf800 is a thread
stack at sp + 1 slots: 0x0000000101a64878: _ZL23mark_activation_closure+0 in /Users/youlemei/Library/Java/JavaVirtualMachines/azul-13.0.9/Contents/Home/lib/server/libjvm.dylib at 0x00000001010e8000
stack at sp + 2 slots: 0x0000000173364640 is pointing into the stack for thread: 0x0000000153bcf800
stack at sp + 3 slots: 0x00000001017f68dc: _ZN10JavaThread11nmethods_doEP15CodeBlobClosure+0x80 in /Users/youlemei/Library/Java/JavaVirtualMachines/azul-13.0.9/Contents/Home/lib/server/libjvm.dylib at 0x00000001010e8000
stack at sp + 4 slots: 0x0000000173364f10 is pointing into the stack for thread: 0x0000000153bcf800
stack at sp + 5 slots: 0x000000010a0436f0 is at entry_point+176 in (nmethod*)0x000000010a043490
stack at sp + 6 slots: 0x000000010a043490 is at entry_point+-432 in (nmethod*)0x000000010a043490
stack at sp + 7 slots: 0x0000000100000000 is an unknown value


---------------  P R O C E S S  ---------------

Threads class SMR info:
_java_thread_list=0x0000600003e7dc60, length=14, elements={
0x0000000155009000, 0x0000000155121800, 0x000000015300c800, 0x0000000155122800,
0x0000000155125800, 0x0000000155126800, 0x0000000152811000, 0x000000015381c800,
0x0000000144009000, 0x0000000144012000, 0x000000014400a000, 0x0000000153a28800,
0x00000001553df800, 0x0000000153bcf800
}

Java Threads: ( => current thread )
  0x0000000155009000 JavaThread "main" [_thread_blocked, id=4355, stack(0x000000016fb14000,0x000000016fd17000)]
  0x0000000155121800 JavaThread "Reference Handler" daemon [_thread_blocked, id=20995, stack(0x0000000170968000,0x0000000170b6b000)]
  0x000000015300c800 JavaThread "Finalizer" daemon [_thread_blocked, id=20483, stack(0x0000000170b74000,0x0000000170d77000)]
  0x0000000155122800 JavaThread "Signal Dispatcher" daemon [_thread_blocked, id=22275, stack(0x0000000170e98000,0x000000017109b000)]
  0x0000000155125800 JavaThread "Service Thread" daemon [_thread_blocked, id=23043, stack(0x00000001710a4000,0x00000001712a7000)]
  0x0000000155126800 JavaThread "C1 CompilerThread0" daemon [_thread_blocked, id=32003, stack(0x00000001712b0000,0x00000001714b3000)]
  0x0000000152811000 JavaThread "Sweeper thread" daemon [_thread_blocked, id=31747, stack(0x00000001714bc000,0x00000001716bf000)]
  0x000000015381c800 JavaThread "Common-Cleaner" daemon [_thread_blocked, id=24323, stack(0x00000001716c8000,0x00000001718cb000)]
  0x0000000144009000 JavaThread "JDWP Transport Listener: dt_socket" daemon [_thread_blocked, id=24579, stack(0x00000001718d4000,0x0000000171ad7000)]
  0x0000000144012000 JavaThread "JDWP Event Helper Thread" daemon [_thread_blocked, id=24835, stack(0x0000000171ae0000,0x0000000171ce3000)]
  0x000000014400a000 JavaThread "JDWP Command Reader" daemon [_thread_in_native, id=25347, stack(0x0000000171cec000,0x0000000171eef000)]
  0x0000000153a28800 JavaThread "RMI TCP Accept-0" daemon [_thread_in_native, id=29443, stack(0x0000000171ef8000,0x00000001720fb000)]
  0x00000001553df800 JavaThread "Attach Listener" daemon [_thread_blocked, id=33031, stack(0x0000000172f58000,0x000000017315b000)]
=>0x0000000153bcf800 JavaThread "RMI TCP Connection(1)-192.168.100.86" daemon [_thread_in_vm, id=42759, stack(0x0000000173164000,0x0000000173367000)]

Other Threads:
  0x0000000155120000 VMThread "VM Thread" [stack: 0x000000017075c000,0x000000017095f000] [id=17155] _threads_hazard_ptr=0x0000600003e7dc60
  0x0000000144013800 WatcherThread [stack: 0x0000000172104000,0x0000000172307000] [id=28931]
  0x0000000155042000 GCTaskThread "GC Thread#0" [stack: 0x000000016fd20000,0x000000016ff23000] [id=12035]
  0x0000000153a3b000 GCTaskThread "GC Thread#1" [stack: 0x0000000172310000,0x0000000172513000] [id=25859]
  0x0000000153a4e800 GCTaskThread "GC Thread#2" [stack: 0x000000017251c000,0x000000017271f000] [id=28675]
  0x0000000153a4f000 GCTaskThread "GC Thread#3" [stack: 0x0000000172728000,0x000000017292b000] [id=28163]
  0x0000000153a50000 GCTaskThread "GC Thread#4" [stack: 0x0000000172934000,0x0000000172b37000] [id=27651]
  0x0000000153a50800 GCTaskThread "GC Thread#5" [stack: 0x0000000172b40000,0x0000000172d43000] [id=27395]
  0x0000000155053000 ConcurrentGCThread "G1 Main Marker" [stack: 0x000000016ff2c000,0x000000017012f000] [id=12291]
  0x0000000155054000 ConcurrentGCThread "G1 Conc#0" [stack: 0x0000000170138000,0x000000017033b000] [id=12803]
  0x000000014383c800 ConcurrentGCThread "G1 Conc#1" [stack: 0x0000000172d4c000,0x0000000172f4f000] [id=26883]
  0x00000001550f4000 ConcurrentGCThread "G1 Refine#0" [stack: 0x0000000170344000,0x0000000170547000] [id=14339]
  0x00000001550f5000 ConcurrentGCThread "G1 Young RemSet Sampling" [stack: 0x0000000170550000,0x0000000170753000] [id=14083]

Threads with active compile tasks:

VM state:not at safepoint (normal execution)

VM Mutex/Monitor currently owned by a thread: None

Heap address: 0x00000006c0000000, size: 4096 MB, Compressed Oops mode: Zero based, Oop shift amount: 3
Narrow klass base: 0x0000000800000000, Narrow klass shift: 0
Compressed class space size: 1073741824 Address: 0x0000000800000000

Heap:
 garbage-first heap   total 61440K, used 19153K [0x00000006c0000000, 0x00000007c0000000)
  region size 1024K, 6 young (6144K), 4 survivors (4096K)
 Metaspace       used 37155K, capacity 38117K, committed 38448K, reserved 1083392K
  class space    used 4745K, capacity 5129K, committed 5248K, reserved 1048576K
Heap Regions: E=young(eden), S=young(survivor), O=old, HS=humongous(starts), HC=humongous(continues), CS=collection set, F=free, A=archive, TAMS=top-at-mark-start (previous, next)
|   0|0x00000006c0000000, 0x00000006c0100000, 0x00000006c0100000|100%| O|  |TAMS 0x00000006c0100000, 0x00000006c0000000| Untracked 
|   1|0x00000006c0100000, 0x00000006c0200000, 0x00000006c0200000|100%| O|  |TAMS 0x00000006c0200000, 0x00000006c0100000| Untracked 
|   2|0x00000006c0200000, 0x00000006c0300000, 0x00000006c0300000|100%| O|  |TAMS 0x00000006c0300000, 0x00000006c0200000| Untracked 
|   3|0x00000006c0300000, 0x00000006c0400000, 0x00000006c0400000|100%| O|  |TAMS 0x00000006c0400000, 0x00000006c0300000| Untracked 
|   4|0x00000006c0400000, 0x00000006c04ea200, 0x00000006c0500000| 91%| O|  |TAMS 0x00000006c04ea200, 0x00000006c0400000| Untracked 
|   5|0x00000006c0500000, 0x00000006c0600000, 0x00000006c0600000|100%| O|  |TAMS 0x00000006c0600000, 0x00000006c0500000| Untracked 
|   6|0x00000006c0600000, 0x00000006c0700000, 0x00000006c0700000|100%| O|  |TAMS 0x00000006c0700000, 0x00000006c0600000| Untracked 
|   7|0x00000006c0700000, 0x00000006c078e600, 0x00000006c0800000| 55%| O|  |TAMS 0x00000006c078e600, 0x00000006c0700000| Untracked 
|   8|0x00000006c0800000, 0x00000006c0900000, 0x00000006c0900000|100%| O|  |TAMS 0x00000006c0800000, 0x00000006c0800000| Untracked 
|   9|0x00000006c0900000, 0x00000006c0a00000, 0x00000006c0a00000|100%| O|  |TAMS 0x00000006c0900000, 0x00000006c0900000| Untracked 
|  10|0x00000006c0a00000, 0x00000006c0b00000, 0x00000006c0b00000|100%| O|  |TAMS 0x00000006c0a00000, 0x00000006c0a00000| Untracked 
|  11|0x00000006c0b00000, 0x00000006c0b3be00, 0x00000006c0c00000| 23%| O|  |TAMS 0x00000006c0b00000, 0x00000006c0b00000| Untracked 
|  12|0x00000006c0c00000, 0x00000006c0c00000, 0x00000006c0d00000|  0%| F|  |TAMS 0x00000006c0c00000, 0x00000006c0c00000| Untracked 
|  13|0x00000006c0d00000, 0x00000006c0d00000, 0x00000006c0e00000|  0%| F|  |TAMS 0x00000006c0d00000, 0x00000006c0d00000| Untracked 
|  14|0x00000006c0e00000, 0x00000006c0e00000, 0x00000006c0f00000|  0%| F|  |TAMS 0x00000006c0e00000, 0x00000006c0e00000| Untracked 
|  15|0x00000006c0f00000, 0x00000006c0f00000, 0x00000006c1000000|  0%| F|  |TAMS 0x00000006c0f00000, 0x00000006c0f00000| Untracked 
|  16|0x00000006c1000000, 0x00000006c1000000, 0x00000006c1100000|  0%| F|  |TAMS 0x00000006c1000000, 0x00000006c1000000| Untracked 
|  17|0x00000006c1100000, 0x00000006c1200000, 0x00000006c1200000|100%| S|CS|TAMS 0x00000006c1100000, 0x00000006c1100000| Complete 
|  18|0x00000006c1200000, 0x00000006c1300000, 0x00000006c1300000|100%| S|CS|TAMS 0x00000006c1200000, 0x00000006c1200000| Complete 
|  19|0x00000006c1300000, 0x00000006c1400000, 0x00000006c1400000|100%| S|CS|TAMS 0x00000006c1300000, 0x00000006c1300000| Complete 
|  20|0x00000006c1400000, 0x00000006c1500000, 0x00000006c1500000|100%| S|CS|TAMS 0x00000006c1400000, 0x00000006c1400000| Complete 
|  21|0x00000006c1500000, 0x00000006c1500000, 0x00000006c1600000|  0%| F|  |TAMS 0x00000006c1500000, 0x00000006c1500000| Untracked 
|  22|0x00000006c1600000, 0x00000006c1600000, 0x00000006c1700000|  0%| F|  |TAMS 0x00000006c1600000, 0x00000006c1600000| Untracked 
|  23|0x00000006c1700000, 0x00000006c1700000, 0x00000006c1800000|  0%| F|  |TAMS 0x00000006c1700000, 0x00000006c1700000| Untracked 
|  24|0x00000006c1800000, 0x00000006c1800000, 0x00000006c1900000|  0%| F|  |TAMS 0x00000006c1800000, 0x00000006c1800000| Untracked 
|  25|0x00000006c1900000, 0x00000006c1900000, 0x00000006c1a00000|  0%| F|  |TAMS 0x00000006c1900000, 0x00000006c1900000| Untracked 
|  26|0x00000006c1a00000, 0x00000006c1a00000, 0x00000006c1b00000|  0%| F|  |TAMS 0x00000006c1a00000, 0x00000006c1a00000| Untracked 
|  27|0x00000006c1b00000, 0x00000006c1b00000, 0x00000006c1c00000|  0%| F|  |TAMS 0x00000006c1b00000, 0x00000006c1b00000| Untracked 
|  28|0x00000006c1c00000, 0x00000006c1c00000, 0x00000006c1d00000|  0%| F|  |TAMS 0x00000006c1c00000, 0x00000006c1c00000| Untracked 
|  29|0x00000006c1d00000, 0x00000006c1d00000, 0x00000006c1e00000|  0%| F|  |TAMS 0x00000006c1d00000, 0x00000006c1d00000| Untracked 
|  30|0x00000006c1e00000, 0x00000006c1e00000, 0x00000006c1f00000|  0%| F|  |TAMS 0x00000006c1e00000, 0x00000006c1e00000| Untracked 
|  31|0x00000006c1f00000, 0x00000006c1f00000, 0x00000006c2000000|  0%| F|  |TAMS 0x00000006c1f00000, 0x00000006c1f00000| Untracked 
|  32|0x00000006c2000000, 0x00000006c2000000, 0x00000006c2100000|  0%| F|  |TAMS 0x00000006c2000000, 0x00000006c2000000| Untracked 
|  33|0x00000006c2100000, 0x00000006c2200000, 0x00000006c2200000|100%| O|  |TAMS 0x00000006c2200000, 0x00000006c2100000| Untracked 
|  34|0x00000006c2200000, 0x00000006c2200000, 0x00000006c2300000|  0%| F|  |TAMS 0x00000006c2200000, 0x00000006c2200000| Untracked 
|  35|0x00000006c2300000, 0x00000006c2400000, 0x00000006c2400000|100%| O|  |TAMS 0x00000006c2400000, 0x00000006c2300000| Untracked 
|  36|0x00000006c2400000, 0x00000006c2500000, 0x00000006c2500000|100%| O|  |TAMS 0x00000006c2500000, 0x00000006c2400000| Untracked 
|  37|0x00000006c2500000, 0x00000006c2500000, 0x00000006c2600000|  0%| F|  |TAMS 0x00000006c2500000, 0x00000006c2500000| Untracked 
|  38|0x00000006c2600000, 0x00000006c2600000, 0x00000006c2700000|  0%| F|  |TAMS 0x00000006c2600000, 0x00000006c2600000| Untracked 
|  39|0x00000006c2700000, 0x00000006c2700000, 0x00000006c2800000|  0%| F|  |TAMS 0x00000006c2700000, 0x00000006c2700000| Untracked 
|  40|0x00000006c2800000, 0x00000006c2800000, 0x00000006c2900000|  0%| F|  |TAMS 0x00000006c2800000, 0x00000006c2800000| Untracked 
|  41|0x00000006c2900000, 0x00000006c2900000, 0x00000006c2a00000|  0%| F|  |TAMS 0x00000006c2900000, 0x00000006c2900000| Untracked 
|  42|0x00000006c2a00000, 0x00000006c2a00000, 0x00000006c2b00000|  0%| F|  |TAMS 0x00000006c2a00000, 0x00000006c2a00000| Untracked 
|  43|0x00000006c2b00000, 0x00000006c2b00000, 0x00000006c2c00000|  0%| F|  |TAMS 0x00000006c2b00000, 0x00000006c2b00000| Untracked 
|  44|0x00000006c2c00000, 0x00000006c2c00000, 0x00000006c2d00000|  0%| F|  |TAMS 0x00000006c2c00000, 0x00000006c2c00000| Untracked 
|  45|0x00000006c2d00000, 0x00000006c2d00000, 0x00000006c2e00000|  0%| F|  |TAMS 0x00000006c2d00000, 0x00000006c2d00000| Untracked 
|  46|0x00000006c2e00000, 0x00000006c2e00000, 0x00000006c2f00000|  0%| F|  |TAMS 0x00000006c2e00000, 0x00000006c2e00000| Untracked 
|  47|0x00000006c2f00000, 0x00000006c2f00000, 0x00000006c3000000|  0%| F|  |TAMS 0x00000006c2f00000, 0x00000006c2f00000| Untracked 
|  48|0x00000006c3000000, 0x00000006c3000000, 0x00000006c3100000|  0%| F|  |TAMS 0x00000006c3000000, 0x00000006c3000000| Untracked 
|  49|0x00000006c3100000, 0x00000006c3100000, 0x00000006c3200000|  0%| F|  |TAMS 0x00000006c3100000, 0x00000006c3100000| Untracked 
|  50|0x00000006c3200000, 0x00000006c3200000, 0x00000006c3300000|  0%| F|  |TAMS 0x00000006c3200000, 0x00000006c3200000| Untracked 
|  51|0x00000006c3300000, 0x00000006c3300000, 0x00000006c3400000|  0%| F|  |TAMS 0x00000006c3300000, 0x00000006c3300000| Untracked 
|  52|0x00000006c3400000, 0x00000006c3400000, 0x00000006c3500000|  0%| F|  |TAMS 0x00000006c3400000, 0x00000006c3400000| Untracked 
|  75|0x00000006c4b00000, 0x00000006c4b00000, 0x00000006c4c00000|  0%| F|  |TAMS 0x00000006c4b00000, 0x00000006c4b00000| Untracked 
|  76|0x00000006c4c00000, 0x00000006c4c00000, 0x00000006c4d00000|  0%| F|  |TAMS 0x00000006c4c00000, 0x00000006c4c00000| Untracked 
|  77|0x00000006c4d00000, 0x00000006c4d00000, 0x00000006c4e00000|  0%| F|  |TAMS 0x00000006c4d00000, 0x00000006c4d00000| Untracked 
|  82|0x00000006c5200000, 0x00000006c5200000, 0x00000006c5300000|  0%| F|  |TAMS 0x00000006c5200000, 0x00000006c5200000| Untracked 
|  83|0x00000006c5300000, 0x00000006c5300000, 0x00000006c5400000|  0%| F|  |TAMS 0x00000006c5300000, 0x00000006c5300000| Untracked 
|  84|0x00000006c5400000, 0x00000006c5500000, 0x00000006c5500000|100%| E|  |TAMS 0x00000006c5400000, 0x00000006c5400000| Complete 
| 255|0x00000006cff00000, 0x00000006d0000000, 0x00000006d0000000|100%| E|CS|TAMS 0x00000006cff00000, 0x00000006cff00000| Complete 

Card table byte_map: [0x00000001187a4000,0x0000000118fa4000] _byte_map_base: 0x00000001151a4000

Marking Bits (Prev, Next): (CMBitMap*) 0x0000000155042818, (CMBitMap*) 0x0000000155042858
 Prev Bits: [0x00000001197a4000, 0x000000011d7a4000)
 Next Bits: [0x000000011d7a4000, 0x00000001217a4000)

Polling page: 0x00000001003d0000

Metaspace:

Usage:
  Non-class:     32.21 MB capacity,    31.65 MB ( 98%) used,   475.50 KB (  1%) free+waste,   101.81 KB ( <1%) overhead. 
      Class:      5.01 MB capacity,     4.63 MB ( 93%) used,   332.16 KB (  6%) free+waste,    51.75 KB (  1%) overhead. 
       Both:     37.22 MB capacity,    36.28 MB ( 97%) used,   807.66 KB (  2%) free+waste,   153.56 KB ( <1%) overhead. 

Virtual space:
  Non-class space:       34.00 MB reserved,      32.42 MB ( 95%) committed 
      Class space:        1.00 GB reserved,       5.12 MB ( <1%) committed 
             Both:        1.03 GB reserved,      37.55 MB (  4%) committed 

Chunk freelists:
   Non-Class:  52.00 KB
       Class:  23.00 KB
        Both:  75.00 KB

MaxMetaspaceSize: unlimited
CompressedClassSpaceSize: 1.00 GB

CodeHeap 'non-profiled nmethods': size=238384Kb used=6258Kb max_used=6258Kb free=232125Kb
 bounds [0x0000000109ed8000, 0x000000010a4f8000, 0x00000001187a4000]
CodeHeap 'non-nmethods': size=7376Kb used=1683Kb max_used=1683Kb free=5692Kb
 bounds [0x00000001097a4000, 0x0000000109a14000, 0x0000000109ed8000]
 total_blobs=3889 nmethods=3444 adapters=383
 compilation: enabled
              stopped_count=0, restarted_count=0
 full_count=0

Compilation events (20 events):
Event: 1.299 Thread 0x0000000155126800 3577       1       org.springframework.core.annotation.TypeMappedAnnotations$IsPresent::get (60 bytes)
Event: 1.299 Thread 0x0000000155126800 nmethod 3577 0x000000010a4ec390 code [0x000000010a4ec540, 0x000000010a4ec890]
Event: 1.299 Thread 0x0000000155126800 3578       1       org.springframework.core.annotation.AnnotationsProcessor::finish (2 bytes)
Event: 1.299 Thread 0x0000000155126800 nmethod 3578 0x000000010a4eca10 code [0x000000010a4ecb80, 0x000000010a4eccd0]
Event: 1.299 Thread 0x0000000155126800 3579       1       java.lang.reflect.Method::getTypeParameters (20 bytes)
Event: 1.300 Thread 0x0000000155126800 nmethod 3579 0x000000010a4ecd90 code [0x000000010a4ecf80, 0x000000010a4ed5e0]
Event: 1.304 Thread 0x0000000155126800 3580       1       java.lang.reflect.AccessibleObject::getAnnotations (5 bytes)
Event: 1.304 Thread 0x0000000155126800 nmethod 3580 0x000000010a4ed890 code [0x000000010a4eda40, 0x000000010a4edbc0]
Event: 1.304 Thread 0x0000000155126800 3581       1       org.springframework.core.type.StandardAnnotationMetadata::getAnnotationAttributes (25 bytes)
Event: 1.304 Thread 0x0000000155126800 nmethod 3581 0x000000010a4edc90 code [0x000000010a4edec0, 0x000000010a4ee2e0]
Event: 1.306 Thread 0x0000000155126800 3583       1       org.springframework.core.type.StandardAnnotationMetadata::isAnnotatedMethod (29 bytes)
Event: 1.306 Thread 0x0000000155126800 nmethod 3583 0x000000010a4ee590 code [0x000000010a4ee7c0, 0x000000010a4eebb0]
Event: 1.306 Thread 0x0000000155126800 3584   !   1       org.springframework.context.annotation.ConfigurationClassUtils::checkConfigurationClassCandidate (306 bytes)
Event: 1.312 Thread 0x0000000155126800 nmethod 3584 0x000000010a4eee90 code [0x000000010a4ef3c0, 0x000000010a4f0ba0]
Event: 1.314 Thread 0x0000000155126800 3586       1       java.lang.invoke.MemberName$Factory::resolveOrNull (28 bytes)
Event: 1.315 Thread 0x0000000155126800 nmethod 3586 0x000000010a4f1d90 code [0x000000010a4f1f40, 0x000000010a4f2140]
Event: 1.316 Thread 0x0000000155126800 3587       1       java.util.Arrays::copyOfRange (90 bytes)
Event: 1.316 Thread 0x0000000155126800 nmethod 3587 0x000000010a4f2210 code [0x000000010a4f2480, 0x000000010a4f2c70]
Event: 1.318 Thread 0x0000000155126800 3589   !   1       org.springframework.core.annotation.AnnotationsScanner::processClassInheritedAnnotations (247 bytes)
Event: 1.318 Thread 0x0000000155126800 nmethod 3589 0x000000010a4f3090 code [0x000000010a4f3340, 0x000000010a4f3cb0]

GC Heap History (16 events):
Event: 0.328 GC heap before
{Heap before GC invocations=0 (full 0):
 garbage-first heap   total 262144K, used 23552K [0x00000006c0000000, 0x00000007c0000000)
  region size 1024K, 24 young (24576K), 0 survivors (0K)
 Metaspace       used 11327K, capacity 11603K, committed 11904K, reserved 1060864K
  class space    used 1173K, capacity 1287K, committed 1408K, reserved 1048576K
}
Event: 0.332 GC heap after
{Heap after GC invocations=1 (full 0):
 garbage-first heap   total 262144K, used 8104K [0x00000006c0000000, 0x00000007c0000000)
  region size 1024K, 3 young (3072K), 3 survivors (3072K)
 Metaspace       used 11327K, capacity 11603K, committed 11904K, reserved 1060864K
  class space    used 1173K, capacity 1287K, committed 1408K, reserved 1048576K
}
Event: 0.659 GC heap before
{Heap before GC invocations=1 (full 0):
 garbage-first heap   total 262144K, used 71592K [0x00000006c0000000, 0x00000007c0000000)
  region size 1024K, 66 young (67584K), 3 survivors (3072K)
 Metaspace       used 20631K, capacity 21107K, committed 21296K, reserved 1069056K
  class space    used 2405K, capacity 2574K, committed 2688K, reserved 1048576K
}
Event: 0.664 GC heap after
{Heap after GC invocations=2 (full 0):
 garbage-first heap   total 262144K, used 11049K [0x00000006c0000000, 0x00000007c0000000)
  region size 1024K, 6 young (6144K), 6 survivors (6144K)
 Metaspace       used 20631K, capacity 21107K, committed 21296K, reserved 1069056K
  class space    used 2405K, capacity 2574K, committed 2688K, reserved 1048576K
}
Event: 0.759 GC heap before
{Heap before GC invocations=3 (full 0):
 garbage-first heap   total 40960K, used 40745K [0x00000006c0000000, 0x00000007c0000000)
  region size 1024K, 35 young (35840K), 6 survivors (6144K)
 Metaspace       used 23259K, capacity 23795K, committed 23984K, reserved 1071104K
  class space    used 2795K, capacity 3007K, committed 3072K, reserved 1048576K
}
Event: 0.761 GC heap after
{Heap after GC invocations=4 (full 0):
 garbage-first heap   total 49152K, used 12224K [0x00000006c0000000, 0x00000007c0000000)
  region size 1024K, 5 young (5120K), 5 survivors (5120K)
 Metaspace       used 23259K, capacity 23795K, committed 23984K, reserved 1071104K
  class space    used 2795K, capacity 3007K, committed 3072K, reserved 1048576K
}
Event: 0.794 GC heap before
{Heap before GC invocations=4 (full 0):
 garbage-first heap   total 49152K, used 30656K [0x00000006c0000000, 0x00000007c0000000)
  region size 1024K, 24 young (24576K), 5 survivors (5120K)
 Metaspace       used 24584K, capacity 25175K, committed 25520K, reserved 1071104K
  class space    used 2999K, capacity 3228K, committed 3328K, reserved 1048576K
}
Event: 0.796 GC heap after
{Heap after GC invocations=5 (full 0):
 garbage-first heap   total 49152K, used 12632K [0x00000006c0000000, 0x00000007c0000000)
  region size 1024K, 2 young (2048K), 2 survivors (2048K)
 Metaspace       used 24584K, capacity 25175K, committed 25520K, reserved 1071104K
  class space    used 2999K, capacity 3228K, committed 3328K, reserved 1048576K
}
Event: 0.820 GC heap before
{Heap before GC invocations=5 (full 0):
 garbage-first heap   total 49152K, used 34136K [0x00000006c0000000, 0x00000007c0000000)
  region size 1024K, 23 young (23552K), 2 survivors (2048K)
 Metaspace       used 25677K, capacity 26305K, committed 26416K, reserved 1073152K
  class space    used 3203K, capacity 3434K, committed 3456K, reserved 1048576K
}
Event: 0.821 GC heap after
{Heap after GC invocations=6 (full 0):
 garbage-first heap   total 155648K, used 12770K [0x00000006c0000000, 0x00000007c0000000)
  region size 1024K, 2 young (2048K), 2 survivors (2048K)
 Metaspace       used 25677K, capacity 26305K, committed 26416K, reserved 1073152K
  class space    used 3203K, capacity 3434K, committed 3456K, reserved 1048576K
}
Event: 0.953 GC heap before
{Heap before GC invocations=6 (full 0):
 garbage-first heap   total 155648K, used 83426K [0x00000006c0000000, 0x00000007c0000000)
  region size 1024K, 72 young (73728K), 2 survivors (2048K)
 Metaspace       used 31185K, capacity 31864K, committed 32304K, reserved 1077248K
  class space    used 3847K, capacity 4115K, committed 4224K, reserved 1048576K
}
Event: 0.954 GC heap after
{Heap after GC invocations=7 (full 0):
 garbage-first heap   total 155648K, used 14814K [0x00000006c0000000, 0x00000007c0000000)
  region size 1024K, 4 young (4096K), 4 survivors (4096K)
 Metaspace       used 31185K, capacity 31864K, committed 32304K, reserved 1077248K
  class space    used 3847K, capacity 4115K, committed 4224K, reserved 1048576K
}
Event: 1.170 GC heap before
{Heap before GC invocations=7 (full 0):
 garbage-first heap   total 155648K, used 82398K [0x00000006c0000000, 0x00000007c0000000)
  region size 1024K, 71 young (72704K), 4 survivors (4096K)
 Metaspace       used 34984K, capacity 35768K, committed 35888K, reserved 1081344K
  class space    used 4393K, capacity 4713K, committed 4736K, reserved 1048576K
}
Event: 1.175 GC heap after
{Heap after GC invocations=8 (full 0):
 garbage-first heap   total 155648K, used 16838K [0x00000006c0000000, 0x00000007c0000000)
  region size 1024K, 6 young (6144K), 6 survivors (6144K)
 Metaspace       used 34984K, capacity 35768K, committed 35888K, reserved 1081344K
  class space    used 4393K, capacity 4713K, committed 4736K, reserved 1048576K
}
Event: 1.307 GC heap before
{Heap before GC invocations=9 (full 0):
 garbage-first heap   total 61440K, used 47558K [0x00000006c0000000, 0x00000007c0000000)
  region size 1024K, 36 young (36864K), 6 survivors (6144K)
 Metaspace       used 36825K, capacity 37780K, committed 38064K, reserved 1083392K
  class space    used 4699K, capacity 5060K, committed 5120K, reserved 1048576K
}
Event: 1.311 GC heap after
{Heap after GC invocations=10 (full 0):
 garbage-first heap   total 61440K, used 18129K [0x00000006c0000000, 0x00000007c0000000)
  region size 1024K, 4 young (4096K), 4 survivors (4096K)
 Metaspace       used 36825K, capacity 37780K, committed 38064K, reserved 1083392K
  class space    used 4699K, capacity 5060K, committed 5120K, reserved 1048576K
}

Deoptimization events (20 events):
Event: 1.279 Thread 0x0000000155009000 DEOPT PACKING pc=0x000000010a0c4fcc sp=0x000000016fd156e0
Event: 1.279 Thread 0x0000000155009000 DEOPT UNPACKING pc=0x000000010985347c sp=0x000000016fd154c0 mode 1
Event: 1.279 Thread 0x0000000155009000 DEOPT PACKING pc=0x0000000109f26dc8 sp=0x000000016fd15780
Event: 1.279 Thread 0x0000000155009000 DEOPT UNPACKING pc=0x000000010985347c sp=0x000000016fd155a0 mode 1
Event: 1.283 Thread 0x0000000155009000 DEOPT PACKING pc=0x000000010a062724 sp=0x000000016fd15370
Event: 1.283 Thread 0x0000000155009000 DEOPT UNPACKING pc=0x000000010985347c sp=0x000000016fd15110 mode 1
Event: 1.283 Thread 0x0000000155009000 DEOPT PACKING pc=0x000000010a0621bc sp=0x000000016fd15440
Event: 1.283 Thread 0x0000000155009000 DEOPT UNPACKING pc=0x000000010985347c sp=0x000000016fd15210 mode 1
Event: 1.283 Thread 0x0000000155009000 DEOPT PACKING pc=0x000000010a0c4fcc sp=0x000000016fd15be0
Event: 1.283 Thread 0x0000000155009000 DEOPT UNPACKING pc=0x000000010985347c sp=0x000000016fd159c0 mode 1
Event: 1.283 Thread 0x0000000155009000 DEOPT PACKING pc=0x0000000109f26dc8 sp=0x000000016fd15c80
Event: 1.283 Thread 0x0000000155009000 DEOPT UNPACKING pc=0x000000010985347c sp=0x000000016fd15aa0 mode 1
Event: 1.283 Thread 0x0000000155009000 DEOPT PACKING pc=0x000000010a062724 sp=0x000000016fd15370
Event: 1.283 Thread 0x0000000155009000 DEOPT UNPACKING pc=0x000000010985347c sp=0x000000016fd15110 mode 1
Event: 1.283 Thread 0x0000000155009000 DEOPT PACKING pc=0x000000010a0621bc sp=0x000000016fd15440
Event: 1.283 Thread 0x0000000155009000 DEOPT UNPACKING pc=0x000000010985347c sp=0x000000016fd15210 mode 1
Event: 1.283 Thread 0x0000000155009000 DEOPT PACKING pc=0x000000010a0c4fcc sp=0x000000016fd15be0
Event: 1.283 Thread 0x0000000155009000 DEOPT UNPACKING pc=0x000000010985347c sp=0x000000016fd159c0 mode 1
Event: 1.283 Thread 0x0000000155009000 DEOPT PACKING pc=0x0000000109f26dc8 sp=0x000000016fd15c80
Event: 1.283 Thread 0x0000000155009000 DEOPT UNPACKING pc=0x000000010985347c sp=0x000000016fd15aa0 mode 1

Classes unloaded (0 events):
No events

Classes redefined (0 events):
No events

Internal exceptions (20 events):
Event: 0.807 Thread 0x0000000155009000 Exception <a 'java/lang/ClassNotFoundException'{0x00000006c26e4e30}: org/springframework/beans/factory/config/BeanFactoryPostProcessorCustomizer> (0x00000006c26e4e30) 
thrown [src/hotspot/share/classfile/systemDictionary.cpp, line 232]
Event: 0.808 Thread 0x0000000155009000 Exception <a 'java/lang/ClassNotFoundException'{0x00000006c26ffae8}: org/springframework/core/PriorityOrderedCustomizer> (0x00000006c26ffae8) 
thrown [src/hotspot/share/classfile/systemDictionary.cpp, line 232]
Event: 0.808 Thread 0x0000000155009000 Exception <a 'java/lang/ClassNotFoundException'{0x00000006c254abd8}: org/springframework/core/OrderedCustomizer> (0x00000006c254abd8) 
thrown [src/hotspot/share/classfile/systemDictionary.cpp, line 232]
Event: 0.808 Thread 0x0000000155009000 Exception <a 'java/lang/ClassNotFoundException'{0x00000006c25668f8}: org/springframework/context/ResourceLoaderAwareCustomizer> (0x00000006c25668f8) 
thrown [src/hotspot/share/classfile/systemDictionary.cpp, line 232]
Event: 0.808 Thread 0x0000000155009000 Exception <a 'java/lang/ClassNotFoundException'{0x00000006c2580dd0}: org/springframework/beans/factory/AwareCustomizer> (0x00000006c2580dd0) 
thrown [src/hotspot/share/classfile/systemDictionary.cpp, line 232]
Event: 0.808 Thread 0x0000000155009000 Exception <a 'java/lang/ClassNotFoundException'{0x00000006c2216f50}: org/springframework/context/ApplicationStartupAwareCustomizer> (0x00000006c2216f50) 
thrown [src/hotspot/share/classfile/systemDictionary.cpp, line 232]
Event: 0.809 Thread 0x0000000155009000 Exception <a 'java/lang/ClassNotFoundException'{0x00000006c22316a0}: org/springframework/beans/factory/AwareCustomizer> (0x00000006c22316a0) 
thrown [src/hotspot/share/classfile/systemDictionary.cpp, line 232]
Event: 0.809 Thread 0x0000000155009000 Exception <a 'java/lang/ClassNotFoundException'{0x00000006c224e498}: org/springframework/beans/factory/BeanClassLoaderAwareCustomizer> (0x00000006c224e498) 
thrown [src/hotspot/share/classfile/systemDictionary.cpp, line 232]
Event: 0.809 Thread 0x0000000155009000 Exception <a 'java/lang/ClassNotFoundException'{0x00000006c22cd970}: org/springframework/beans/factory/AwareCustomizer> (0x00000006c22cd970) 
thrown [src/hotspot/share/classfile/systemDictionary.cpp, line 232]
Event: 0.809 Thread 0x0000000155009000 Exception <a 'java/lang/ClassNotFoundException'{0x00000006c22e84a8}: org/springframework/context/EnvironmentAwareCustomizer> (0x00000006c22e84a8) 
thrown [src/hotspot/share/classfile/systemDictionary.cpp, line 232]
Event: 0.809 Thread 0x0000000155009000 Exception <a 'java/lang/ClassNotFoundException'{0x00000006c2068108}: org/springframework/beans/factory/AwareCustomizer> (0x00000006c2068108) 
thrown [src/hotspot/share/classfile/systemDictionary.cpp, line 232]
Event: 0.868 Thread 0x0000000152a0e800 Exception <a 'java/lang/NoSuchMethodError'{0x00000006c7dd4e28}: 'java.lang.Object java.lang.invoke.DirectMethodHandle$Holder.invokeStaticInit(java.lang.Object, java.lang.Object, java.lang.Object, java.lang.Object, java.lang.Object)'> (0x00000006c7dd4e28) 
thrown [src/hotspot/share/interpreter/linkResolver.cpp, line 767]
Event: 0.963 Thread 0x0000000155009000 Exception <a 'java/lang/IncompatibleClassChangeError'{0x00000006cb949820}: Found class java.lang.Object, but interface was expected> (0x00000006cb949820) 
thrown [src/hotspot/share/interpreter/linkResolver.cpp, line 833]
Event: 0.965 Thread 0x0000000152a0e800 Exception <a 'java/lang/NoSuchMethodError'{0x00000006cb9ad348}: 'long java.lang.invoke.DirectMethodHandle$Holder.invokeStatic(java.lang.Object, java.lang.Object)'> (0x00000006cb9ad348) 
thrown [src/hotspot/share/interpreter/linkResolver.cpp, line 767]
Event: 0.965 Thread 0x0000000152a0e800 Exception <a 'java/lang/NoSuchMethodError'{0x00000006cb9afee0}: 'long java.lang.invoke.DirectMethodHandle$Holder.invokeStaticInit(java.lang.Object, java.lang.Object)'> (0x00000006cb9afee0) 
thrown [src/hotspot/share/interpreter/linkResolver.cpp, line 767]
Event: 0.966 Thread 0x0000000152a0e800 Exception <a 'java/lang/NoSuchMethodError'{0x00000006cb9bb960}: 'long java.lang.invoke.DirectMethodHandle$Holder.invokeInterface(java.lang.Object, java.lang.Object)'> (0x00000006cb9bb960) 
thrown [src/hotspot/share/interpreter/linkResolver.cpp, line 767]
Event: 0.966 Thread 0x0000000152a0e800 Exception <a 'java/lang/IncompatibleClassChangeError'{0x00000006cb9be488}: Found class java.lang.Object, but interface was expected> (0x00000006cb9be488) 
thrown [src/hotspot/share/interpreter/linkResolver.cpp, line 833]
Event: 0.970 Thread 0x0000000152a0e800 Exception <a 'java/lang/NoSuchMethodError'{0x00000006c8f62800}: 'java.lang.Object java.lang.invoke.DirectMethodHandle$Holder.invokeVirtual(java.lang.Object, java.lang.Object, java.lang.Object, java.lang.Object)'> (0x00000006c8f62800) 
thrown [src/hotspot/share/interpreter/linkResolver.cpp, line 767]
Event: 0.978 Thread 0x0000000155009000 Exception <a 'java/lang/NoSuchMethodError'{0x00000006c8c20270}: 'void java.lang.invoke.DirectMethodHandle$Holder.invokeInterface(java.lang.Object, java.lang.Object, java.lang.Object, java.lang.Object)'> (0x00000006c8c20270) 
thrown [src/hotspot/share/interpreter/linkResolver.cpp, line 767]
Event: 1.007 Thread 0x0000000155009000 Exception <a 'java/lang/NoSuchMethodError'{0x00000006c85ec878}: 'void java.lang.invoke.DelegatingMethodHandle$Holder.delegate(java.lang.Object, java.lang.Object, int, java.lang.Object)'> (0x00000006c85ec878) 
thrown [src/hotspot/share/interpreter/linkResolver.cpp, line 767]

Events (20 events):
Event: 1.317 loading class org/springframework/data/mapping/Association done
Event: 1.317 loading class java/net/Socket$SocketOutputStream
Event: 1.317 loading class java/net/Socket$SocketOutputStream done
Event: 1.317 loading class sun/nio/ch/NioSocketImpl$2
Event: 1.317 loading class sun/nio/ch/NioSocketImpl$2 done
Event: 1.318 loading class org/springframework/data/keyvalue/core/QueryEngine
Event: 1.318 loading class org/springframework/data/keyvalue/core/QueryEngine done
Event: 1.318 loading class org/springframework/data/keyvalue/core/SpelQueryEngine
Event: 1.318 loading class org/springframework/data/keyvalue/core/SpelQueryEngine done
Event: 1.318 loading class org/springframework/data/redis/core/RedisQueryEngine
Event: 1.318 loading class org/springframework/data/redis/core/RedisQueryEngine done
Event: 1.318 loading class sun/rmi/transport/tcp/TCPChannel
Event: 1.318 loading class org/springframework/data/redis/core/convert/CustomConversions
Event: 1.318 loading class org/springframework/data/redis/core/convert/CustomConversions done
Event: 1.318 loading class sun/rmi/transport/Channel
Event: 1.318 loading class sun/rmi/transport/Channel done
Event: 1.318 loading class sun/rmi/transport/tcp/TCPChannel done
Event: 1.318 Executing VM operation: HandshakeAllThreads
Event: 1.318 loading class org/springframework/data/redis/core/RedisCallback
Event: 1.318 loading class org/springframework/data/redis/core/RedisCallback done


Dynamic libraries:
0x000000010042c000 	/Users/youlemei/Library/Java/JavaVirtualMachines/azul-13.0.9/Contents/Home/lib/libjli.dylib
0x00000001a53da000 	/usr/lib/libz.1.dylib
0x00000001a5494000 	/usr/lib/libSystem.B.dylib
0x00000001a548e000 	/usr/lib/system/libcache.dylib
0x00000001a5447000 	/usr/lib/system/libcommonCrypto.dylib
0x00000001a5475000 	/usr/lib/system/libcompiler_rt.dylib
0x00000001a546b000 	/usr/lib/system/libcopyfile.dylib
0x0000000199b9c000 	/usr/lib/system/libcorecrypto.dylib
0x0000000199c52000 	/usr/lib/system/libdispatch.dylib
0x0000000199de4000 	/usr/lib/system/libdyld.dylib
0x00000001a5484000 	/usr/lib/system/libkeymgr.dylib
0x00000001a5425000 	/usr/lib/system/libmacho.dylib
0x00000001a4ae3000 	/usr/lib/system/libquarantine.dylib
0x00000001a5481000 	/usr/lib/system/libremovefile.dylib
0x000000019eaac000 	/usr/lib/system/libsystem_asl.dylib
0x0000000199b39000 	/usr/lib/system/libsystem_blocks.dylib
0x0000000199c9d000 	/usr/lib/system/libsystem_c.dylib
0x00000001a5479000 	/usr/lib/system/libsystem_collections.dylib
0x00000001a4003000 	/usr/lib/system/libsystem_configuration.dylib
0x00000001a3072000 	/usr/lib/system/libsystem_containermanager.dylib
0x00000001a5124000 	/usr/lib/system/libsystem_coreservices.dylib
0x000000019cc3d000 	/usr/lib/system/libsystem_darwin.dylib
0x00000001a5485000 	/usr/lib/system/libsystem_dnssd.dylib
0x0000000199c9a000 	/usr/lib/system/libsystem_featureflags.dylib
0x0000000199e10000 	/usr/lib/system/libsystem_info.dylib
0x00000001a53ec000 	/usr/lib/system/libsystem_m.dylib
0x0000000199c26000 	/usr/lib/system/libsystem_malloc.dylib
0x000000019ea2c000 	/usr/lib/system/libsystem_networkextension.dylib
0x000000019d0a7000 	/usr/lib/system/libsystem_notify.dylib
0x00000001a4008000 	/usr/lib/system/libsystem_sandbox.dylib
0x00000001a547e000 	/usr/lib/system/libsystem_secinit.dylib
0x0000000199d9d000 	/usr/lib/system/libsystem_kernel.dylib
0x0000000199e08000 	/usr/lib/system/libsystem_platform.dylib
0x0000000199dd7000 	/usr/lib/system/libsystem_pthread.dylib
0x00000001a0281000 	/usr/lib/system/libsystem_symptoms.dylib
0x0000000199b82000 	/usr/lib/system/libsystem_trace.dylib
0x00000001a5458000 	/usr/lib/system/libunwind.dylib
0x0000000199b3e000 	/usr/lib/system/libxpc.dylib
0x0000000199d85000 	/usr/lib/libc++abi.dylib
0x0000000199a68000 	/usr/lib/libobjc.A.dylib
0x00000001a5463000 	/usr/lib/liboah.dylib
0x0000000199d1e000 	/usr/lib/libc++.1.dylib
0x00000001b12e4000 	/System/Library/Frameworks/Cocoa.framework/Versions/A/Cocoa
0x000000019d108000 	/System/Library/Frameworks/AppKit.framework/Versions/C/AppKit
0x000000019fab0000 	/System/Library/Frameworks/CoreData.framework/Versions/A/CoreData
0x000000019ad69000 	/System/Library/Frameworks/Foundation.framework/Versions/C/Foundation
0x000000019e014000 	/System/Library/PrivateFrameworks/UIFoundation.framework/Versions/A/UIFoundation
0x0000000206599000 	/System/Library/PrivateFrameworks/CollectionViewCore.framework/Versions/A/CollectionViewCore
0x00000001ab750000 	/System/Library/PrivateFrameworks/RemoteViewServices.framework/Versions/A/RemoteViewServices
0x00000001a38b6000 	/System/Library/PrivateFrameworks/XCTTargetBootstrap.framework/Versions/A/XCTTargetBootstrap
0x00000001a722a000 	/System/Library/PrivateFrameworks/InternationalSupport.framework/Versions/A/InternationalSupport
0x00000001a72b1000 	/System/Library/PrivateFrameworks/UserActivity.framework/Versions/A/UserActivity
0x000000021d7b2000 	/System/Library/PrivateFrameworks/WindowManagement.framework/Versions/A/WindowManagement
0x000000019aa32000 	/System/Library/Frameworks/SystemConfiguration.framework/Versions/A/SystemConfiguration
0x00000001a672e000 	/usr/lib/libspindump.dylib
0x000000019e1ba000 	/System/Library/Frameworks/UniformTypeIdentifiers.framework/Versions/A/UniformTypeIdentifiers
0x00000001a1bc9000 	/usr/lib/libapp_launch_measurement.dylib
0x00000001a1077000 	/System/Library/PrivateFrameworks/CoreAnalytics.framework/Versions/A/CoreAnalytics
0x00000001a1bd0000 	/System/Library/PrivateFrameworks/CoreAutoLayout.framework/Versions/A/CoreAutoLayout
0x00000001a30c4000 	/System/Library/Frameworks/Metal.framework/Versions/A/Metal
0x00000001a4015000 	/usr/lib/liblangid.dylib
0x00000001a38bc000 	/System/Library/PrivateFrameworks/CoreSVG.framework/Versions/A/CoreSVG
0x000000019eae2000 	/System/Library/PrivateFrameworks/SkyLight.framework/Versions/A/SkyLight
0x000000019eefa000 	/System/Library/Frameworks/CoreGraphics.framework/Versions/A/CoreGraphics
0x00000001abe1b000 	/System/Library/Frameworks/Accelerate.framework/Versions/A/Accelerate
0x00000001a619c000 	/System/Library/PrivateFrameworks/IconServices.framework/Versions/A/IconServices
0x00000001a30a4000 	/System/Library/Frameworks/IOSurface.framework/Versions/A/IOSurface
0x00000001a10a5000 	/usr/lib/libDiagnosticMessagesClient.dylib
0x00000001af0b7000 	/System/Library/Frameworks/ApplicationServices.framework/Versions/A/ApplicationServices
0x00000001a389e000 	/System/Library/PrivateFrameworks/DFRFoundation.framework/Versions/A/DFRFoundation
0x000000019c986000 	/usr/lib/libicucore.A.dylib
0x00000001a81bb000 	/System/Library/Frameworks/AudioToolbox.framework/Versions/A/AudioToolbox
0x00000001a7235000 	/System/Library/PrivateFrameworks/DataDetectorsCore.framework/Versions/A/DataDetectorsCore
0x00000001be3c3000 	/System/Library/PrivateFrameworks/TextInput.framework/Versions/A/TextInput
0x000000019ea47000 	/usr/lib/libMobileGestalt.dylib
0x00000001a356a000 	/System/Library/Frameworks/Carbon.framework/Versions/A/Frameworks/HIToolbox.framework/Versions/A/HIToolbox
0x00000001a1550000 	/System/Library/Frameworks/QuartzCore.framework/Versions/A/QuartzCore
0x000000019c5e1000 	/System/Library/Frameworks/Security.framework/Versions/A/Security
0x00000001ab790000 	/System/Library/Frameworks/Carbon.framework/Versions/A/Frameworks/SpeechRecognition.framework/Versions/A/SpeechRecognition
0x00000001a1908000 	/System/Library/PrivateFrameworks/CoreUI.framework/Versions/A/CoreUI
0x000000019bed9000 	/System/Library/Frameworks/CoreAudio.framework/Versions/A/CoreAudio
0x00000001a1181000 	/System/Library/Frameworks/DiskArbitration.framework/Versions/A/DiskArbitration
0x00000001a6b62000 	/System/Library/PrivateFrameworks/MultitouchSupport.framework/Versions/A/MultitouchSupport
0x000000019ea45000 	/usr/lib/libenergytrace.dylib
0x000000019cfcb000 	/System/Library/Frameworks/IOKit.framework/Versions/A/IOKit
0x00000001abb77000 	/System/Library/Frameworks/CoreServices.framework/Versions/A/CoreServices
0x00000001a1b56000 	/System/Library/PrivateFrameworks/PerformanceAnalysis.framework/Versions/A/PerformanceAnalysis
0x00000001e9323000 	/System/Library/Frameworks/OpenGL.framework/Versions/A/OpenGL
0x00000001a1c1a000 	/usr/lib/libxml2.2.dylib
0x00000001a49e9000 	/System/Library/PrivateFrameworks/MobileKeyBag.framework/Versions/A/MobileKeyBag
0x000000019f545000 	/System/Library/Frameworks/ColorSync.framework/Versions/A/ColorSync
0x0000000199e3c000 	/System/Library/Frameworks/CoreFoundation.framework/Versions/A/CoreFoundation
0x00000001a3c36000 	/System/Library/Frameworks/CoreImage.framework/Versions/A/CoreImage
0x000000019bcfa000 	/System/Library/Frameworks/CoreText.framework/Versions/A/CoreText
0x00000001a38f5000 	/System/Library/Frameworks/ImageIO.framework/Versions/A/ImageIO
0x00000001a549a000 	/System/Library/PrivateFrameworks/SoftLinking.framework/Versions/A/SoftLinking
0x00000001a572e000 	/usr/lib/libcompression.dylib
0x00000001a7186000 	/System/Library/PrivateFrameworks/TextureIO.framework/Versions/A/TextureIO
0x00000001a5e6e000 	/usr/lib/libate.dylib
0x00000001a5d2b000 	/usr/lib/liblzma.5.dylib
0x00000001a5496000 	/usr/lib/libfakelink.dylib
0x000000019e66a000 	/System/Library/Frameworks/CFNetwork.framework/Versions/A/CFNetwork
0x00000001a55d5000 	/usr/lib/libarchive.2.dylib
0x00000001a9aca000 	/System/Library/Frameworks/Combine.framework/Versions/A/Combine
0x00000001a7b85000 	/usr/lib/swift/libswiftCore.dylib
0x00000001bb498000 	/usr/lib/swift/libswiftCoreFoundation.dylib
0x00000001b9355000 	/usr/lib/swift/libswiftDarwin.dylib
0x00000001ad090000 	/usr/lib/swift/libswiftDispatch.dylib
0x00000001bb4b9000 	/usr/lib/swift/libswiftIOKit.dylib
0x00000001af4e2000 	/usr/lib/swift/libswiftObjectiveC.dylib
0x00000001bb4ac000 	/usr/lib/swift/libswiftXPC.dylib
0x0000000223fea000 	/usr/lib/swift/libswift_Concurrency.dylib
0x000000022413c000 	/usr/lib/swift/libswift_StringProcessing.dylib
0x00000001af4e6000 	/usr/lib/swift/libswiftos.dylib
0x000000019cf50000 	/System/Library/PrivateFrameworks/CoreServicesInternal.framework/Versions/A/CoreServicesInternal
0x00000001a4b0e000 	/usr/lib/libbsm.0.dylib
0x00000001a542b000 	/usr/lib/system/libkxld.dylib
0x00000001a1b92000 	/System/Library/Frameworks/CoreServices.framework/Versions/A/Frameworks/FSEvents.framework/Versions/A/FSEvents
0x000000019cc48000 	/System/Library/Frameworks/CoreServices.framework/Versions/A/Frameworks/CarbonCore.framework/Versions/A/CarbonCore
0x00000001a10e8000 	/System/Library/Frameworks/CoreServices.framework/Versions/A/Frameworks/Metadata.framework/Versions/A/Metadata
0x00000001a512a000 	/System/Library/Frameworks/CoreServices.framework/Versions/A/Frameworks/OSServices.framework/Versions/A/OSServices
0x00000001a565c000 	/System/Library/Frameworks/CoreServices.framework/Versions/A/Frameworks/SearchKit.framework/Versions/A/SearchKit
0x00000001a0204000 	/System/Library/Frameworks/CoreServices.framework/Versions/A/Frameworks/AE.framework/Versions/A/AE
0x000000019a314000 	/System/Library/Frameworks/CoreServices.framework/Versions/A/Frameworks/LaunchServices.framework/Versions/A/LaunchServices
0x00000001a5cd4000 	/System/Library/Frameworks/CoreServices.framework/Versions/A/Frameworks/DictionaryServices.framework/Versions/A/DictionaryServices
0x00000001a1b9f000 	/System/Library/Frameworks/CoreServices.framework/Versions/A/Frameworks/SharedFileList.framework/Versions/A/SharedFileList
0x00000001a56fb000 	/usr/lib/libapple_nghttp2.dylib
0x000000019e666000 	/usr/lib/libnetwork.dylib
0x000000019fe88000 	/usr/lib/libsqlite3.dylib
0x00000001a028a000 	/System/Library/Frameworks/Network.framework/Versions/A/Network
0x0000000223137000 	/usr/lib/libCoreEntitlements.dylib
0x000000020fba4000 	/System/Library/PrivateFrameworks/MessageSecurity.framework/Versions/A/MessageSecurity
0x000000019fe6e000 	/System/Library/PrivateFrameworks/ProtocolBuffer.framework/Versions/A/ProtocolBuffer
0x00000001a5106000 	/System/Library/PrivateFrameworks/AppleFSCompression.framework/Versions/A/AppleFSCompression
0x00000001a4af6000 	/usr/lib/libcoretls.dylib
0x00000001a5d44000 	/usr/lib/libcoretls_cfhelpers.dylib
0x00000001a5728000 	/usr/lib/libpam.2.dylib
0x00000001a5dac000 	/usr/lib/libxar.1.dylib
0x00000001a6177000 	/usr/lib/libheimdal-asn1.dylib
0x00000001a549b000 	/usr/lib/libpcap.A.dylib
0x00000001a0277000 	/usr/lib/libdns_services.dylib
0x00000001a4010000 	/System/Library/PrivateFrameworks/AppleSystemInfo.framework/Versions/A/AppleSystemInfo
0x00000001a47ea000 	/System/Library/PrivateFrameworks/IOMobileFramebuffer.framework/Versions/A/IOMobileFramebuffer
0x00000001a5117000 	/usr/lib/libbz2.1.0.dylib
0x00000001a4ae6000 	/usr/lib/libCheckFix.dylib
0x000000019eac4000 	/System/Library/PrivateFrameworks/TCC.framework/Versions/A/TCC
0x00000001a4017000 	/System/Library/PrivateFrameworks/CoreNLP.framework/Versions/A/CoreNLP
0x00000001a10a7000 	/System/Library/PrivateFrameworks/MetadataUtilities.framework/Versions/A/MetadataUtilities
0x00000001a4b1f000 	/usr/lib/libmecab.dylib
0x000000019aabc000 	/usr/lib/libCRFSuite.dylib
0x00000001a4b7c000 	/usr/lib/libgermantok.dylib
0x00000001a56d4000 	/usr/lib/libThaiTokenizer.dylib
0x00000001a118a000 	/System/Library/Frameworks/Accelerate.framework/Versions/A/Frameworks/vImage.framework/Versions/A/vImage
0x00000001abb4e000 	/System/Library/Frameworks/Accelerate.framework/Versions/A/Frameworks/vecLib.framework/Versions/A/vecLib
0x00000001a5df2000 	/System/Library/Frameworks/Accelerate.framework/Versions/A/Frameworks/vecLib.framework/Versions/A/libvMisc.dylib
0x00000001a46ea000 	/System/Library/Frameworks/Accelerate.framework/Versions/A/Frameworks/vecLib.framework/Versions/A/libvDSP.dylib
0x000000019a6c8000 	/System/Library/Frameworks/Accelerate.framework/Versions/A/Frameworks/vecLib.framework/Versions/A/libBLAS.dylib
0x00000001a5800000 	/System/Library/Frameworks/Accelerate.framework/Versions/A/Frameworks/vecLib.framework/Versions/A/libLAPACK.dylib
0x00000001a4b7f000 	/System/Library/Frameworks/Accelerate.framework/Versions/A/Frameworks/vecLib.framework/Versions/A/libLinearAlgebra.dylib
0x00000001a5713000 	/System/Library/Frameworks/Accelerate.framework/Versions/A/Frameworks/vecLib.framework/Versions/A/libSparseBLAS.dylib
0x00000001a57fb000 	/System/Library/Frameworks/Accelerate.framework/Versions/A/Frameworks/vecLib.framework/Versions/A/libQuadrature.dylib
0x00000001a4110000 	/System/Library/Frameworks/Accelerate.framework/Versions/A/Frameworks/vecLib.framework/Versions/A/libBNNS.dylib
0x000000019a9cb000 	/System/Library/Frameworks/Accelerate.framework/Versions/A/Frameworks/vecLib.framework/Versions/A/libSparse.dylib
0x000000020eeda000 	/System/Library/PrivateFrameworks/MIL.framework/Versions/A/MIL
0x00000001a54d0000 	/usr/lib/libiconv.2.dylib
0x00000001a5424000 	/usr/lib/libcharset.1.dylib
0x00000001a1b72000 	/System/Library/Frameworks/OpenDirectory.framework/Versions/A/Frameworks/CFOpenDirectory.framework/Versions/A/CFOpenDirectory
0x00000001a1b62000 	/System/Library/Frameworks/OpenDirectory.framework/Versions/A/OpenDirectory
0x00000001a5d46000 	/System/Library/PrivateFrameworks/APFS.framework/Versions/A/APFS
0x00000001a4a20000 	/System/Library/Frameworks/SecurityFoundation.framework/Versions/A/SecurityFoundation
0x00000001a5dbb000 	/usr/lib/libutil.dylib
0x000000020df4f000 	/System/Library/PrivateFrameworks/InstalledContentLibrary.framework/Versions/A/InstalledContentLibrary
0x000000019cf8e000 	/System/Library/PrivateFrameworks/CoreServicesStore.framework/Versions/A/CoreServicesStore
0x0000000204f4a000 	/System/Library/PrivateFrameworks/AppleMobileFileIntegrity.framework/Versions/A/AppleMobileFileIntegrity
0x00000001bb477000 	/usr/lib/libmis.dylib
0x00000001c93d8000 	/System/Library/PrivateFrameworks/MobileSystemServices.framework/Versions/A/MobileSystemServices
0x00000001e3c15000 	/System/Library/PrivateFrameworks/ConfigProfileHelper.framework/Versions/A/ConfigProfileHelper
0x00000001a56d6000 	/System/Library/PrivateFrameworks/AppleSauce.framework/Versions/A/AppleSauce
0x000000019b7a3000 	/System/Library/PrivateFrameworks/LanguageModeling.framework/Versions/A/LanguageModeling
0x00000001a5dbf000 	/usr/lib/libxslt.1.dylib
0x00000001a55c3000 	/usr/lib/libcmph.dylib
0x00000001a47d7000 	/System/Library/PrivateFrameworks/CoreEmoji.framework/Versions/A/CoreEmoji
0x00000001a410a000 	/System/Library/PrivateFrameworks/LinguisticData.framework/Versions/A/LinguisticData
0x000000019a983000 	/System/Library/PrivateFrameworks/Lexicon.framework/Versions/A/Lexicon
0x00000001a4ab3000 	/System/Library/PrivateFrameworks/BackgroundTaskManagement.framework/Versions/A/BackgroundTaskManagement
0x00000002232da000 	/usr/lib/libTLE.dylib
0x0000000224087000 	/usr/lib/swift/libswift_RegexParser.dylib
0x00000001a6a27000 	/System/Library/PrivateFrameworks/AppleJPEG.framework/Versions/A/AppleJPEG
0x00000001a615c000 	/usr/lib/libexpat.1.dylib
0x00000001a6fe8000 	/System/Library/Frameworks/ImageIO.framework/Versions/A/Resources/libPng.dylib
0x00000001a7013000 	/System/Library/Frameworks/ImageIO.framework/Versions/A/Resources/libTIFF.dylib
0x00000001a70fc000 	/System/Library/Frameworks/ImageIO.framework/Versions/A/Resources/libGIF.dylib
0x00000001a6a6c000 	/System/Library/Frameworks/ImageIO.framework/Versions/A/Resources/libJP2.dylib
0x00000001a70a0000 	/System/Library/Frameworks/ImageIO.framework/Versions/A/Resources/libJPEG.dylib
0x00000001a7097000 	/System/Library/Frameworks/ImageIO.framework/Versions/A/Resources/libRadiance.dylib
0x00000001a33f3000 	/System/Library/PrivateFrameworks/FontServices.framework/libFontParser.dylib
0x00000001a01a6000 	/System/Library/PrivateFrameworks/RunningBoardServices.framework/Versions/A/RunningBoardServices
0x00000001b1a16000 	/System/Library/PrivateFrameworks/IOSurfaceAccelerator.framework/Versions/A/IOSurfaceAccelerator
0x00000001a6b5e000 	/System/Library/PrivateFrameworks/WatchdogClient.framework/Versions/A/WatchdogClient
0x000000019b91c000 	/System/Library/Frameworks/CoreDisplay.framework/Versions/A/CoreDisplay
0x00000001a32cd000 	/System/Library/Frameworks/CoreMedia.framework/Versions/A/CoreMedia
0x00000001a30ba000 	/System/Library/PrivateFrameworks/IOAccelerator.framework/Versions/A/IOAccelerator
0x00000001a1d03000 	/System/Library/Frameworks/CoreVideo.framework/Versions/A/CoreVideo
0x00000001a5726000 	/System/Library/Frameworks/MetalPerformanceShaders.framework/Versions/A/MetalPerformanceShaders
0x00000001a6b9d000 	/System/Library/Frameworks/VideoToolbox.framework/Versions/A/VideoToolbox
0x00000001a00e9000 	/System/Library/PrivateFrameworks/BaseBoard.framework/Versions/A/BaseBoard
0x00000001a7092000 	/System/Library/PrivateFrameworks/GPUWrangler.framework/Versions/A/GPUWrangler
0x00000001a7072000 	/System/Library/PrivateFrameworks/IOPresentment.framework/Versions/A/IOPresentment
0x00000001a709a000 	/System/Library/PrivateFrameworks/DSExternalDisplay.framework/Versions/A/DSExternalDisplay
0x000000020a6f8000 	/System/Library/PrivateFrameworks/GPUCompiler.framework/Versions/31001/Libraries/libllvm-flatbuffers.dylib
0x00000001e9316000 	/System/Library/Frameworks/OpenGL.framework/Versions/A/Libraries/libCoreFSCache.dylib
0x000000020a6f4000 	/System/Library/PrivateFrameworks/GPUCompiler.framework/Versions/31001/Libraries/libGPUCompilerUtils.dylib
0x00000001a7102000 	/System/Library/PrivateFrameworks/CMCaptureCore.framework/Versions/A/CMCaptureCore
0x00000001ff053000 	/System/Library/Frameworks/ExtensionFoundation.framework/Versions/A/ExtensionFoundation
0x00000001ad837000 	/System/Library/PrivateFrameworks/CoreTime.framework/Versions/A/CoreTime
0x00000001a6719000 	/System/Library/PrivateFrameworks/AppServerSupport.framework/Versions/A/AppServerSupport
0x00000001a8a9d000 	/System/Library/PrivateFrameworks/perfdata.framework/Versions/A/perfdata
0x000000019ba3c000 	/System/Library/PrivateFrameworks/AudioToolboxCore.framework/Versions/A/AudioToolboxCore
0x00000001a32a3000 	/System/Library/PrivateFrameworks/caulk.framework/Versions/A/caulk
0x00000001a835a000 	/usr/lib/libAudioStatistics.dylib
0x00000001ba89d000 	/System/Library/PrivateFrameworks/SystemPolicy.framework/Versions/A/SystemPolicy
0x00000001a85fc000 	/usr/lib/libSMC.dylib
0x00000001b11b9000 	/System/Library/Frameworks/CoreMIDI.framework/Versions/A/CoreMIDI
0x00000001a6fb5000 	/usr/lib/libAudioToolboxUtility.dylib
0x00000001b6610000 	/System/Library/PrivateFrameworks/OSAServicesClient.framework/Versions/A/OSAServicesClient
0x00000001a8aaa000 	/usr/lib/libperfcheck.dylib
0x00000001a6047000 	/System/Library/PrivateFrameworks/PlugInKit.framework/Versions/A/PlugInKit
0x00000001a4a12000 	/System/Library/PrivateFrameworks/AssertionServices.framework/Versions/A/AssertionServices
0x00000001e9378000 	/System/Library/Frameworks/OpenGL.framework/Versions/A/Libraries/libGLU.dylib
0x00000001e9337000 	/System/Library/Frameworks/OpenGL.framework/Versions/A/Libraries/libGFXShared.dylib
0x00000001e951e000 	/System/Library/Frameworks/OpenGL.framework/Versions/A/Libraries/libGL.dylib
0x00000001e9340000 	/System/Library/Frameworks/OpenGL.framework/Versions/A/Libraries/libGLImage.dylib
0x00000001e9334000 	/System/Library/Frameworks/OpenGL.framework/Versions/A/Libraries/libCVMSPluginSupport.dylib
0x00000002232b9000 	/usr/lib/libRosetta.dylib
0x00000001e931d000 	/System/Library/Frameworks/OpenGL.framework/Versions/A/Libraries/libCoreVMClient.dylib
0x00000001a3f88000 	/System/Library/Frameworks/MetalPerformanceShaders.framework/Versions/A/Frameworks/MPSCore.framework/Versions/A/MPSCore
0x00000001a507c000 	/System/Library/Frameworks/MetalPerformanceShaders.framework/Versions/A/Frameworks/MPSImage.framework/Versions/A/MPSImage
0x00000001a4b94000 	/System/Library/Frameworks/MetalPerformanceShaders.framework/Versions/A/Frameworks/MPSNeuralNetwork.framework/Versions/A/MPSNeuralNetwork
0x00000001a4f80000 	/System/Library/Frameworks/MetalPerformanceShaders.framework/Versions/A/Frameworks/MPSMatrix.framework/Versions/A/MPSMatrix
0x00000001a4d92000 	/System/Library/Frameworks/MetalPerformanceShaders.framework/Versions/A/Frameworks/MPSRayIntersector.framework/Versions/A/MPSRayIntersector
0x00000001a4faf000 	/System/Library/Frameworks/MetalPerformanceShaders.framework/Versions/A/Frameworks/MPSNDArray.framework/Versions/A/MPSNDArray
0x0000000200421000 	/System/Library/Frameworks/MetalPerformanceShaders.framework/Versions/A/Frameworks/MPSFunctions.framework/Versions/A/MPSFunctions
0x000000019a58e000 	/System/Library/PrivateFrameworks/MetalTools.framework/Versions/A/MetalTools
0x00000001a400e000 	/System/Library/PrivateFrameworks/AggregateDictionary.framework/Versions/A/AggregateDictionary
0x00000001a5f00000 	/usr/lib/libIOReport.dylib
0x00000001b03a6000 	/System/Library/PrivateFrameworks/ASEProcessing.framework/Versions/A/ASEProcessing
0x00000001a62b7000 	/System/Library/PrivateFrameworks/GraphVisualizer.framework/Versions/A/GraphVisualizer
0x000000020a615000 	/System/Library/PrivateFrameworks/FontServices.framework/Versions/A/FontServices
0x00000001a66d7000 	/System/Library/PrivateFrameworks/OTSVG.framework/Versions/A/OTSVG
0x00000001a18b6000 	/System/Library/Frameworks/ApplicationServices.framework/Versions/A/Frameworks/ATS.framework/Versions/A/Resources/libFontRegistry.dylib
0x00000001a6723000 	/System/Library/PrivateFrameworks/FontServices.framework/libhvf.dylib
0x000000020a616000 	/System/Library/PrivateFrameworks/FontServices.framework/libXTFontStaticRegistryData.dylib
0x000000021c4b2000 	/System/Library/PrivateFrameworks/VideoToolboxParavirtualizationSupport.framework/Versions/A/VideoToolboxParavirtualizationSupport
0x00000001a6110000 	/System/Library/PrivateFrameworks/AppleVA.framework/Versions/A/AppleVA
0x00000001a839a000 	/System/Library/Frameworks/ApplicationServices.framework/Versions/A/Frameworks/ATS.framework/Versions/A/ATS
0x000000019f638000 	/System/Library/Frameworks/ApplicationServices.framework/Versions/A/Frameworks/HIServices.framework/Versions/A/HIServices
0x00000001a710e000 	/System/Library/Frameworks/ApplicationServices.framework/Versions/A/Frameworks/PrintCore.framework/Versions/A/PrintCore
0x00000001a8755000 	/System/Library/Frameworks/ApplicationServices.framework/Versions/A/Frameworks/QD.framework/Versions/A/QD
0x00000001a8749000 	/System/Library/Frameworks/ApplicationServices.framework/Versions/A/Frameworks/ColorSyncLegacy.framework/Versions/A/ColorSyncLegacy
0x00000001a836e000 	/System/Library/Frameworks/ApplicationServices.framework/Versions/A/Frameworks/SpeechSynthesis.framework/Versions/A/SpeechSynthesis
0x00000001a70cc000 	/System/Library/Frameworks/ApplicationServices.framework/Versions/A/Frameworks/ATSUI.framework/Versions/A/ATSUI
0x00000001a86dc000 	/usr/lib/libcups.2.dylib
0x00000001a8ab8000 	/System/Library/Frameworks/Kerberos.framework/Versions/A/Kerberos
0x00000001a8ac9000 	/System/Library/Frameworks/GSS.framework/Versions/A/GSS
0x00000001a840c000 	/usr/lib/libresolv.9.dylib
0x00000001a6733000 	/System/Library/PrivateFrameworks/Heimdal.framework/Versions/A/Heimdal
0x00000001af464000 	/System/Library/Frameworks/Kerberos.framework/Versions/A/Libraries/libHeimdalProxy.dylib
0x00000001a8b19000 	/System/Library/PrivateFrameworks/CommonAuth.framework/Versions/A/CommonAuth
0x00000001fe28d000 	/System/Library/Frameworks/AVFAudio.framework/Versions/A/AVFAudio
0x00000001b665f000 	/System/Library/PrivateFrameworks/AXCoreUtilities.framework/Versions/A/AXCoreUtilities
0x00000001a82e6000 	/System/Library/PrivateFrameworks/AudioSession.framework/Versions/A/AudioSession
0x00000001a9881000 	/System/Library/Frameworks/IOBluetooth.framework/Versions/A/IOBluetooth
0x00000001a6211000 	/System/Library/PrivateFrameworks/MediaExperience.framework/Versions/A/MediaExperience
0x00000001a8181000 	/System/Library/PrivateFrameworks/AudioSession.framework/libSessionUtility.dylib
0x00000001a8761000 	/System/Library/PrivateFrameworks/AudioResourceArbitration.framework/Versions/A/AudioResourceArbitration
0x00000001ac766000 	/System/Library/PrivateFrameworks/PowerLog.framework/Versions/A/PowerLog
0x00000001ac6a8000 	/System/Library/Frameworks/CoreBluetooth.framework/Versions/A/CoreBluetooth
0x00000001af465000 	/System/Library/Frameworks/AudioUnit.framework/Versions/A/AudioUnit
0x00000001a4875000 	/System/Library/PrivateFrameworks/CoreUtils.framework/Versions/A/CoreUtils
0x0000000209016000 	/System/Library/PrivateFrameworks/CoreUtilsExtras.framework/Versions/A/CoreUtilsExtras
0x000000020dde9000 	/System/Library/PrivateFrameworks/IO80211.framework/Versions/A/IO80211
0x00000001a6181000 	/System/Library/PrivateFrameworks/IconFoundation.framework/Versions/A/IconFoundation
0x00000001ab77c000 	/System/Library/PrivateFrameworks/SpeechRecognitionCore.framework/Versions/A/SpeechRecognitionCore
0x00000001010e8000 	/Users/youlemei/Library/Java/JavaVirtualMachines/azul-13.0.9/Contents/Home/lib/server/libjvm.dylib
0x00000001003e4000 	/Users/youlemei/Library/Java/JavaVirtualMachines/azul-13.0.9/Contents/Home/lib/libverify.dylib
0x00000001004ac000 	/Users/youlemei/Library/Java/JavaVirtualMachines/azul-13.0.9/Contents/Home/lib/libjava.dylib
0x0000000100478000 	/Users/youlemei/Library/Java/JavaVirtualMachines/azul-13.0.9/Contents/Home/lib/libjimage.dylib
0x0000000100524000 	/Users/youlemei/Library/Java/JavaVirtualMachines/azul-13.0.9/Contents/Home/lib/libjdwp.dylib
0x00000001004e0000 	/Users/youlemei/Library/Java/JavaVirtualMachines/azul-13.0.9/Contents/Home/lib/libinstrument.dylib
0x00000001004f8000 	/Users/youlemei/Library/Java/JavaVirtualMachines/azul-13.0.9/Contents/Home/lib/libzip.dylib
0x000000010105c000 	/Users/youlemei/Library/Java/JavaVirtualMachines/azul-13.0.9/Contents/Home/lib/libdt_socket.dylib
0x0000000101090000 	/Users/youlemei/Library/Java/JavaVirtualMachines/azul-13.0.9/Contents/Home/lib/libnio.dylib
0x0000000125ca4000 	/Users/youlemei/Library/Java/JavaVirtualMachines/azul-13.0.9/Contents/Home/lib/libnet.dylib
0x0000000101070000 	/Users/youlemei/Library/Java/JavaVirtualMachines/azul-13.0.9/Contents/Home/lib/libmanagement.dylib
0x00000001010b0000 	/Users/youlemei/Library/Java/JavaVirtualMachines/azul-13.0.9/Contents/Home/lib/libmanagement_ext.dylib
0x00000001010c4000 	/Users/youlemei/Library/Java/JavaVirtualMachines/azul-13.0.9/Contents/Home/lib/libextnet.dylib


VM Arguments:
jvm_args: -agentlib:jdwp=transport=dt_socket,address=127.0.0.1:56776,suspend=y,server=n -XX:TieredStopAtLevel=1 -Dspring.output.ansi.enabled=always -Dcom.sun.management.jmxremote -Dspring.jmx.enabled=true -Dspring.liveBeansView.mbeanDomain -Dspring.application.admin.enabled=true -Dmanagement.endpoints.jmx.exposure.include=* -javaagent:/Users/youlemei/Library/Caches/JetBrains/IntelliJIdea2022.3/captureAgent/debugger-agent.jar -Dfile.encoding=UTF-8 
java_command: com.meal.wx.api.Application
java_class_path (initial): /Users/youlemei/IdeaProjects/ebi/meal/meal-wx-api/target/classes:/Users/youlemei/IdeaProjects/ebi/meal/meal-common/target/classes:/Users/youlemei/.m2/repository/org/springframework/boot/spring-boot-starter-data-redis/2.5.4/spring-boot-starter-data-redis-2.5.4.jar:/Users/youlemei/.m2/repository/org/springframework/data/spring-data-redis/2.5.4/spring-data-redis-2.5.4.jar:/Users/youlemei/.m2/repository/org/springframework/data/spring-data-keyvalue/2.5.4/spring-data-keyvalue-2.5.4.jar:/Users/youlemei/.m2/repository/org/springframework/data/spring-data-commons/2.5.4/spring-data-commons-2.5.4.jar:/Users/youlemei/.m2/repository/org/springframework/spring-tx/5.3.9/spring-tx-5.3.9.jar:/Users/youlemei/.m2/repository/org/springframework/spring-oxm/5.3.9/spring-oxm-5.3.9.jar:/Users/youlemei/.m2/repository/io/lettuce/lettuce-core/6.1.4.RELEASE/lettuce-core-6.1.4.RELEASE.jar:/Users/youlemei/.m2/repository/org/mybatis/spring/boot/mybatis-spring-boot-starter/2.2.0/mybatis-spring-boot-starter-2.2.0.jar:/Users/youlemei/.m2/repository/org/springframework/boot/spring-boot-starter-jdbc/2.5.4/spring-boot-starter-jdbc-2.5.4.jar:/Users/youlemei/.m2/repository/com/zaxxer/HikariCP/4.0.3/HikariCP-4.0.3.jar:/Users/youlemei/.m2/repository/org/springframework/spring-jdbc/5.3.9/spring-jdbc-5.3.9.jar:/Users/youlemei/.m2/repository/org/mybatis/spring/boot/mybatis-spring-boot-autoconfigure/2.2.0/mybatis-spring-boot-autoconfigure-2.2.0.jar:/Users/youlemei/.m2/repository/org/mybatis/mybatis/3.5.7/mybatis-3.5.7.jar:/Users/youlemei/.m2/repository/org/mybatis/mybatis-spring/2.0.6/mybatis-spring-2.0.6.jar:/Users/youlemei/.m2/repository/mysql/mysql-connector-java/8.0.27/mysql-connector-java-8.0.27.jar:/Users/youlemei/.m2/repository/com/google/protobuf/protobuf-java/3.11.4/protobuf-java-3.11.4.jar:/Users/youlemei/.m2/repository/com/github/pagehelper/pagehelper-spring-boot-starter/1.2.5/pagehelper-spring-boot-starter-1.2.5.jar:/Users/youlemei/.m2/repository/com/github/pagehelper/
Launcher Type: SUN_STANDARD

[Global flags]
     intx CICompilerCount                          = 4                                         {product} {ergonomic}
     uint ConcGCThreads                            = 2                                         {product} {ergonomic}
     uint G1ConcRefinementThreads                  = 8                                         {product} {ergonomic}
   size_t G1HeapRegionSize                         = 1048576                                   {product} {ergonomic}
    uintx GCDrainStackTargetSize                   = 64                                        {product} {ergonomic}
   size_t InitialHeapSize                          = 268435456                                 {product} {ergonomic}
     bool ManagementServer                         = true                                      {product} {command line}
   size_t MarkStackSize                            = 4194304                                   {product} {ergonomic}
   size_t MaxHeapSize                              = 4294967296                                {product} {ergonomic}
   size_t MaxNewSize                               = 2576351232                                {product} {ergonomic}
   size_t MinHeapDeltaBytes                        = 1048576                                   {product} {ergonomic}
   size_t MinHeapSize                              = 8388608                                   {product} {ergonomic}
    uintx NonNMethodCodeHeapSize                   = 7549744                                {pd product} {ergonomic}
    uintx NonProfiledCodeHeapSize                  = 244108496                              {pd product} {ergonomic}
    uintx ProfiledCodeHeapSize                     = 0                                      {pd product} {ergonomic}
    uintx ReservedCodeCacheSize                    = 251658240                              {pd product} {ergonomic}
     bool SegmentedCodeCache                       = true                                      {product} {ergonomic}
   size_t SoftMaxHeapSize                          = 4294967296                             {manageable} {ergonomic}
     intx TieredStopAtLevel                        = 1                                         {product} {command line}
     bool UseCompressedClassPointers               = true                                 {lp64_product} {ergonomic}
     bool UseCompressedOops                        = true                                 {lp64_product} {ergonomic}
     bool UseG1GC                                  = true                                      {product} {ergonomic}

Logging:
Log output configuration:
 #0: stdout all=warning uptime,level,tags
 #1: stderr all=off uptime,level,tags

Environment Variables:
PATH=/Users/youlemei/.nvm/versions/node/v16.13.1/bin:/opt/homebrew/bin:/opt/homebrew/sbin:/usr/local/bin:/System/Cryptexes/App/usr/bin:/usr/bin:/bin:/usr/sbin:/sbin:/usr/local/flutter/bin:/Library/Apple/usr/bin:/Users/youlemei/Library/Application Support/JetBrains/Toolbox/scripts
SHELL=/bin/zsh
LANG=en_US.UTF-8
LC_ALL=en_US.UTF-8

Signal Handlers:
SIGSEGV: [libjvm.dylib+0x752188], sa_mask[0]=11111111011111110111111111111111, sa_flags=SA_ONSTACK|SA_RESTART|SA_SIGINFO
SIGBUS: [libjvm.dylib+0x752188], sa_mask[0]=11111111011111110111111111111111, sa_flags=SA_RESTART|SA_SIGINFO
SIGFPE: [libjvm.dylib+0x752188], sa_mask[0]=11111111011111110111111111111111, sa_flags=SA_RESTART|SA_SIGINFO
SIGPIPE: [libjvm.dylib+0x5af440], sa_mask[0]=11111111011111110111111111111111, sa_flags=SA_RESTART|SA_SIGINFO
SIGXFSZ: [libjvm.dylib+0x5af440], sa_mask[0]=11111111011111110111111111111111, sa_flags=SA_RESTART|SA_SIGINFO
SIGILL: [libjvm.dylib+0x752188], sa_mask[0]=11111111011111110111111111111111, sa_flags=SA_RESTART|SA_SIGINFO
SIGUSR2: [libjvm.dylib+0x5afa40], sa_mask[0]=00100000000000000000000000000000, sa_flags=SA_RESTART|SA_SIGINFO
SIGHUP: [libjvm.dylib+0x5ae6c8], sa_mask[0]=11111111011111110111111111111111, sa_flags=SA_RESTART|SA_SIGINFO
SIGINT: [libjvm.dylib+0x5ae6c8], sa_mask[0]=11111111011111110111111111111111, sa_flags=SA_RESTART|SA_SIGINFO
SIGTERM: [libjvm.dylib+0x5ae6c8], sa_mask[0]=11111111011111110111111111111111, sa_flags=SA_RESTART|SA_SIGINFO
SIGQUIT: [libjvm.dylib+0x5ae6c8], sa_mask[0]=11111111011111110111111111111111, sa_flags=SA_RESTART|SA_SIGINFO


---------------  S Y S T E M  ---------------

OS:uname:Darwin 22.3.0 Darwin Kernel Version 22.3.0: Mon Jan 30 20:39:35 PST 2023; root:xnu-8792.81.3~2/RELEASE_ARM64_T8103 arm64
OS uptime: 0 days 7:16 hours
rlimit (soft/hard): STACK 8176k/65520k , CORE 0k/infinity , NPROC 2666/4000 , NOFILE 10240/infinity , AS infinity/infinity , CPU infinity/infinity , DATA infinity/infinity , FSIZE infinity/infinity , MEMLOCK infinity/infinity , RSS infinity/infinity
load average:2.65 2.70 2.47

CPU:total 8 (initial active 8) 0x61:0x0:0x1b588bb3:0, simd, crc, lse

Memory: 16k page, physical 16777216k(51264k free), swap 0k(0k free)

vm_info: OpenJDK 64-Bit Server VM (13.0.9+3-MTS) for bsd-aarch64 JRE (13.0.9+3-MTS) (Zulu13.44+13-CA), built on Oct  7 2021 11:20:54 by "zulu_re" with clang Apple LLVM 12.0.0 (clang-1200.0.32.28)

END.
